{"/home/travis/build/npmtest/node-npmtest-ascoltatori/test.js":{"path":"/home/travis/build/npmtest/node-npmtest-ascoltatori/test.js","s":{"1":2,"2":2,"3":2,"4":2,"5":2,"6":2,"7":2,"8":1,"9":2,"10":2,"11":1,"12":1,"13":1,"14":1,"15":2,"16":2,"17":2,"18":2,"19":1,"20":1,"21":2,"22":2,"23":2,"24":1,"25":1,"26":1,"27":1,"28":1,"29":1,"30":1,"31":1,"32":1,"33":1,"34":1,"35":1,"36":1,"37":1,"38":1,"39":2,"40":2,"41":1,"42":2,"43":2,"44":1,"45":2,"46":2,"47":1,"48":2,"49":2,"50":1,"51":1,"52":1,"53":1,"54":1},"b":{"1":[2,1,1,1],"2":[1,1,1,1],"3":[1,1],"4":[1,1],"5":[1,1],"6":[1,1],"7":[1,1],"8":[1,1],"9":[1,1],"10":[1,1,1],"11":[1,1],"12":[1,1],"13":[1,1],"14":[1,1],"15":[1,1],"16":[1,1],"17":[1,1]},"f":{"1":2,"2":2,"3":2,"4":2,"5":2,"6":1,"7":1,"8":1,"9":2,"10":2,"11":2,"12":2,"13":1},"fnMap":{"1":{"name":"(anonymous_1)","line":12,"loc":{"start":{"line":12,"column":1},"end":{"line":12,"column":13}}},"2":{"name":"(anonymous_2)","line":19,"loc":{"start":{"line":19,"column":5},"end":{"line":19,"column":17}}},"3":{"name":"(anonymous_3)","line":23,"loc":{"start":{"line":23,"column":24},"end":{"line":23,"column":36}}},"4":{"name":"(anonymous_4)","line":61,"loc":{"start":{"line":61,"column":5},"end":{"line":61,"column":17}}},"5":{"name":"(anonymous_5)","line":82,"loc":{"start":{"line":82,"column":5},"end":{"line":82,"column":17}}},"6":{"name":"(anonymous_6)","line":91,"loc":{"start":{"line":91,"column":77},"end":{"line":94,"column":10}}},"7":{"name":"(anonymous_7)","line":112,"loc":{"start":{"line":112,"column":83},"end":{"line":115,"column":10}},"skip":true},"8":{"name":"(anonymous_8)","line":123,"loc":{"start":{"line":123,"column":77},"end":{"line":126,"column":10}},"skip":true},"9":{"name":"(anonymous_9)","line":139,"loc":{"start":{"line":139,"column":12},"end":{"line":139,"column":40}},"skip":true},"10":{"name":"(anonymous_10)","line":147,"loc":{"start":{"line":147,"column":77},"end":{"line":150,"column":10}},"skip":true},"11":{"name":"(anonymous_11)","line":158,"loc":{"start":{"line":158,"column":83},"end":{"line":161,"column":10}},"skip":true},"12":{"name":"(anonymous_12)","line":169,"loc":{"start":{"line":169,"column":79},"end":{"line":172,"column":10}},"skip":true},"13":{"name":"(anonymous_13)","line":180,"loc":{"start":{"line":180,"column":75},"end":{"line":183,"column":10}},"skip":true}},"statementMap":{"1":{"start":{"line":12,"column":0},"end":{"line":195,"column":5}},"2":{"start":{"line":14,"column":4},"end":{"line":14,"column":14}},"3":{"start":{"line":19,"column":4},"end":{"line":56,"column":9}},"4":{"start":{"line":21,"column":8},"end":{"line":21,"column":19}},"5":{"start":{"line":23,"column":8},"end":{"line":35,"column":13}},"6":{"start":{"line":24,"column":12},"end":{"line":34,"column":13}},"7":{"start":{"line":25,"column":16},"end":{"line":28,"column":30}},"8":{"start":{"line":30,"column":16},"end":{"line":33,"column":27}},"9":{"start":{"line":37,"column":8},"end":{"line":39,"column":21}},"10":{"start":{"line":40,"column":8},"end":{"line":53,"column":9}},"11":{"start":{"line":43,"column":12},"end":{"line":46,"column":14}},"12":{"start":{"line":47,"column":12},"end":{"line":47,"column":18}},"13":{"start":{"line":50,"column":12},"end":{"line":51,"column":46}},"14":{"start":{"line":52,"column":12},"end":{"line":52,"column":18}},"15":{"start":{"line":55,"column":8},"end":{"line":55,"column":35}},"16":{"start":{"line":61,"column":4},"end":{"line":63,"column":9}},"17":{"start":{"line":62,"column":8},"end":{"line":62,"column":15}},"18":{"start":{"line":64,"column":4},"end":{"line":77,"column":5}},"19":{"start":{"line":70,"column":8},"end":{"line":70,"column":14}},"20":{"start":{"line":76,"column":8},"end":{"line":76,"column":14}},"21":{"start":{"line":82,"column":4},"end":{"line":84,"column":9}},"22":{"start":{"line":83,"column":8},"end":{"line":83,"column":15}},"23":{"start":{"line":85,"column":4},"end":{"line":194,"column":5}},"24":{"start":{"line":91,"column":8},"end":{"line":99,"column":10}},"25":{"start":{"line":98,"column":12},"end":{"line":98,"column":35}},"26":{"start":{"line":102,"column":8},"end":{"line":104,"column":63}},"27":{"start":{"line":105,"column":8},"end":{"line":105,"column":14}},"28":{"start":{"line":112,"column":8},"end":{"line":121,"column":10},"skip":true},"29":{"start":{"line":119,"column":12},"end":{"line":119,"column":55},"skip":true},"30":{"start":{"line":120,"column":12},"end":{"line":120,"column":48},"skip":true},"31":{"start":{"line":123,"column":8},"end":{"line":136,"column":10},"skip":true},"32":{"start":{"line":130,"column":12},"end":{"line":130,"column":76},"skip":true},"33":{"start":{"line":131,"column":12},"end":{"line":131,"column":73},"skip":true},"34":{"start":{"line":132,"column":12},"end":{"line":132,"column":74},"skip":true},"35":{"start":{"line":133,"column":12},"end":{"line":133,"column":79},"skip":true},"36":{"start":{"line":134,"column":12},"end":{"line":134,"column":25},"skip":true},"37":{"start":{"line":135,"column":12},"end":{"line":135,"column":45},"skip":true},"38":{"start":{"line":138,"column":8},"end":{"line":145,"column":14},"skip":true},"39":{"start":{"line":143,"column":16},"end":{"line":143,"column":29},"skip":true},"40":{"start":{"line":144,"column":16},"end":{"line":144,"column":55},"skip":true},"41":{"start":{"line":147,"column":8},"end":{"line":156,"column":10},"skip":true},"42":{"start":{"line":154,"column":12},"end":{"line":154,"column":25},"skip":true},"43":{"start":{"line":155,"column":12},"end":{"line":155,"column":45},"skip":true},"44":{"start":{"line":158,"column":8},"end":{"line":167,"column":10},"skip":true},"45":{"start":{"line":165,"column":12},"end":{"line":165,"column":25},"skip":true},"46":{"start":{"line":166,"column":12},"end":{"line":166,"column":48},"skip":true},"47":{"start":{"line":169,"column":8},"end":{"line":178,"column":10},"skip":true},"48":{"start":{"line":176,"column":12},"end":{"line":176,"column":25},"skip":true},"49":{"start":{"line":177,"column":12},"end":{"line":177,"column":46},"skip":true},"50":{"start":{"line":180,"column":8},"end":{"line":189,"column":10},"skip":true},"51":{"start":{"line":187,"column":12},"end":{"line":187,"column":94},"skip":true},"52":{"start":{"line":188,"column":12},"end":{"line":188,"column":48},"skip":true},"53":{"start":{"line":192,"column":8},"end":{"line":192,"column":35},"skip":true},"54":{"start":{"line":193,"column":8},"end":{"line":193,"column":14},"skip":true}},"branchMap":{"1":{"line":25,"type":"binary-expr","locations":[{"start":{"line":25,"column":23},"end":{"line":25,"column":62}},{"start":{"line":26,"column":20},"end":{"line":26,"column":70}},{"start":{"line":27,"column":20},"end":{"line":27,"column":71}},{"start":{"line":28,"column":20},"end":{"line":28,"column":29}}]},"2":{"line":30,"type":"binary-expr","locations":[{"start":{"line":30,"column":23},"end":{"line":30,"column":37}},{"start":{"line":31,"column":20},"end":{"line":31,"column":61}},{"start":{"line":32,"column":20},"end":{"line":32,"column":70}},{"start":{"line":33,"column":20},"end":{"line":33,"column":26}}]},"3":{"line":37,"type":"cond-expr","locations":[{"start":{"line":38,"column":14},"end":{"line":38,"column":20}},{"start":{"line":39,"column":14},"end":{"line":39,"column":20}}]},"4":{"line":40,"type":"switch","locations":[{"start":{"line":42,"column":8},"end":{"line":47,"column":18}},{"start":{"line":49,"column":8},"end":{"line":52,"column":18}}]},"5":{"line":44,"type":"binary-expr","locations":[{"start":{"line":44,"column":16},"end":{"line":44,"column":44}},{"start":{"line":44,"column":48},"end":{"line":44,"column":66}}]},"6":{"line":50,"type":"binary-expr","locations":[{"start":{"line":50,"column":21},"end":{"line":50,"column":49}},{"start":{"line":50,"column":53},"end":{"line":50,"column":72}}]},"7":{"line":64,"type":"switch","locations":[{"start":{"line":69,"column":4},"end":{"line":70,"column":14}},{"start":{"line":75,"column":4},"end":{"line":76,"column":14}}]},"8":{"line":85,"type":"switch","locations":[{"start":{"line":90,"column":4},"end":{"line":105,"column":14}},{"start":{"line":111,"column":4},"end":{"line":193,"column":14},"skip":true}]},"9":{"line":91,"type":"binary-expr","locations":[{"start":{"line":91,"column":42},"end":{"line":91,"column":73}},{"start":{"line":91,"column":77},"end":{"line":99,"column":9}}]},"10":{"line":102,"type":"binary-expr","locations":[{"start":{"line":102,"column":18},"end":{"line":102,"column":32}},{"start":{"line":103,"column":12},"end":{"line":103,"column":53}},{"start":{"line":104,"column":12},"end":{"line":104,"column":61}}]},"11":{"line":112,"type":"binary-expr","locations":[{"start":{"line":112,"column":45},"end":{"line":112,"column":79},"skip":true},{"start":{"line":112,"column":83},"end":{"line":121,"column":9},"skip":true}]},"12":{"line":123,"type":"binary-expr","locations":[{"start":{"line":123,"column":42},"end":{"line":123,"column":73},"skip":true},{"start":{"line":123,"column":77},"end":{"line":136,"column":9},"skip":true}]},"13":{"line":138,"type":"binary-expr","locations":[{"start":{"line":138,"column":48},"end":{"line":138,"column":85},"skip":true},{"start":{"line":139,"column":12},"end":{"line":145,"column":13},"skip":true}]},"14":{"line":147,"type":"binary-expr","locations":[{"start":{"line":147,"column":42},"end":{"line":147,"column":73},"skip":true},{"start":{"line":147,"column":77},"end":{"line":156,"column":9},"skip":true}]},"15":{"line":158,"type":"binary-expr","locations":[{"start":{"line":158,"column":45},"end":{"line":158,"column":79},"skip":true},{"start":{"line":158,"column":83},"end":{"line":167,"column":9},"skip":true}]},"16":{"line":169,"type":"binary-expr","locations":[{"start":{"line":169,"column":43},"end":{"line":169,"column":75},"skip":true},{"start":{"line":169,"column":79},"end":{"line":178,"column":9},"skip":true}]},"17":{"line":180,"type":"binary-expr","locations":[{"start":{"line":180,"column":41},"end":{"line":180,"column":71},"skip":true},{"start":{"line":180,"column":75},"end":{"line":189,"column":9},"skip":true}]}},"code":["/* istanbul instrument in package npmtest_ascoltatori */","/*jslint","    bitwise: true,","    browser: true,","    maxerr: 8,","    maxlen: 96,","    node: true,","    nomen: true,","    regexp: true,","    stupid: true","*/","(function () {","    'use strict';","    var local;","","","","    // run shared js-env code - pre-init","    (function () {","        // init local","        local = {};","        // init modeJs","        local.modeJs = (function () {","            try {","                return typeof navigator.userAgent === 'string' &&","                    typeof document.querySelector('body') === 'object' &&","                    typeof XMLHttpRequest.prototype.open === 'function' &&","                    'browser';","            } catch (errorCaughtBrowser) {","                return module.exports &&","                    typeof process.versions.node === 'string' &&","                    typeof require('http').createServer === 'function' &&","                    'node';","            }","        }());","        // init global","        local.global = local.modeJs === 'browser'","            ? window","            : global;","        switch (local.modeJs) {","        // re-init local from window.local","        case 'browser':","            local = local.global.utility2.objectSetDefault(","                local.global.utility2_rollup || local.global.local,","                local.global.utility2","            );","            break;","        // re-init local from example.js","        case 'node':","            local = (local.global.utility2_rollup || require('utility2'))","                .requireExampleJsFromReadme();","            break;","        }","        // export local","        local.global.local = local;","    }());","","","","    // run shared js-env code - function","    (function () {","        return;","    }());","    switch (local.modeJs) {","","","","    // run browser js-env code - function","    case 'browser':","        break;","","","","    // run node js-env code - function","    case 'node':","        break;","    }","","","","    // run shared js-env code - post-init","    (function () {","        return;","    }());","    switch (local.modeJs) {","","","","    // run browser js-env code - post-init","    case 'browser':","        local.testCase_browser_nullCase = local.testCase_browser_nullCase || function (","            options,","            onError","        ) {","        /*","         * this function will test browsers's null-case handling-behavior-behavior","         */","            onError(null, options);","        };","","        // run tests","        local.nop(local.modeTest &&","            document.querySelector('#testRunButton1') &&","            document.querySelector('#testRunButton1').click());","        break;","","","","    // run node js-env code - post-init","    /* istanbul ignore next */","    case 'node':","        local.testCase_buildApidoc_default = local.testCase_buildApidoc_default || function (","            options,","            onError","        ) {","        /*","         * this function will test buildApidoc's default handling-behavior-behavior","         */","            options = { modulePathList: module.paths };","            local.buildApidoc(options, onError);","        };","","        local.testCase_buildApp_default = local.testCase_buildApp_default || function (","            options,","            onError","        ) {","        /*","         * this function will test buildApp's default handling-behavior-behavior","         */","            local.testCase_buildReadme_default(options, local.onErrorThrow);","            local.testCase_buildLib_default(options, local.onErrorThrow);","            local.testCase_buildTest_default(options, local.onErrorThrow);","            local.testCase_buildCustomOrg_default(options, local.onErrorThrow);","            options = [];","            local.buildApp(options, onError);","        };","","        local.testCase_buildCustomOrg_default = local.testCase_buildCustomOrg_default ||","            function (options, onError) {","            /*","             * this function will test buildCustomOrg's default handling-behavior","             */","                options = {};","                local.buildCustomOrg(options, onError);","            };","","        local.testCase_buildLib_default = local.testCase_buildLib_default || function (","            options,","            onError","        ) {","        /*","         * this function will test buildLib's default handling-behavior","         */","            options = {};","            local.buildLib(options, onError);","        };","","        local.testCase_buildReadme_default = local.testCase_buildReadme_default || function (","            options,","            onError","        ) {","        /*","         * this function will test buildReadme's default handling-behavior-behavior","         */","            options = {};","            local.buildReadme(options, onError);","        };","","        local.testCase_buildTest_default = local.testCase_buildTest_default || function (","            options,","            onError","        ) {","        /*","         * this function will test buildTest's default handling-behavior","         */","            options = {};","            local.buildTest(options, onError);","        };","","        local.testCase_webpage_default = local.testCase_webpage_default || function (","            options,","            onError","        ) {","        /*","         * this function will test webpage's default handling-behavior","         */","            options = { modeCoverageMerge: true, url: local.serverLocalHost + '?modeTest=1' };","            local.browserTest(options, onError);","        };","","        // run test-server","        local.testRunServer(local);","        break;","    }","}());",""],"l":{"12":2,"14":2,"19":2,"21":2,"23":2,"24":2,"25":2,"30":1,"37":2,"40":2,"43":1,"47":1,"50":1,"52":1,"55":2,"61":2,"62":2,"64":2,"70":1,"76":1,"82":2,"83":2,"85":2,"91":1,"98":1,"102":1,"105":1,"112":1,"119":1,"120":1,"123":1,"130":1,"131":1,"132":1,"133":1,"134":1,"135":1,"138":1,"143":2,"144":2,"147":1,"154":2,"155":2,"158":1,"165":2,"166":2,"169":1,"176":2,"177":2,"180":1,"187":1,"188":1,"192":1,"193":1}},"/home/travis/build/npmtest/node-npmtest-ascoltatori/lib.npmtest_ascoltatori.js":{"path":"/home/travis/build/npmtest/node-npmtest-ascoltatori/lib.npmtest_ascoltatori.js","s":{"1":2,"2":2,"3":2,"4":2,"5":2,"6":2,"7":2,"8":1,"9":2,"10":2,"11":2,"12":2,"13":1,"14":1,"15":1,"16":1},"b":{"1":[2,1,1,1],"2":[1,1,1,1],"3":[1,1],"4":[2,2],"5":[1,1]},"f":{"1":2,"2":2,"3":2},"fnMap":{"1":{"name":"(anonymous_1)","line":12,"loc":{"start":{"line":12,"column":1},"end":{"line":12,"column":13}}},"2":{"name":"(anonymous_2)","line":19,"loc":{"start":{"line":19,"column":5},"end":{"line":19,"column":17}}},"3":{"name":"(anonymous_3)","line":23,"loc":{"start":{"line":23,"column":24},"end":{"line":23,"column":36}}}},"statementMap":{"1":{"start":{"line":12,"column":0},"end":{"line":53,"column":5}},"2":{"start":{"line":14,"column":4},"end":{"line":14,"column":14}},"3":{"start":{"line":19,"column":4},"end":{"line":52,"column":9}},"4":{"start":{"line":21,"column":8},"end":{"line":21,"column":19}},"5":{"start":{"line":23,"column":8},"end":{"line":35,"column":13}},"6":{"start":{"line":24,"column":12},"end":{"line":34,"column":13}},"7":{"start":{"line":25,"column":16},"end":{"line":28,"column":30}},"8":{"start":{"line":30,"column":16},"end":{"line":33,"column":27}},"9":{"start":{"line":37,"column":8},"end":{"line":39,"column":21}},"10":{"start":{"line":41,"column":8},"end":{"line":41,"column":54}},"11":{"start":{"line":43,"column":8},"end":{"line":43,"column":56}},"12":{"start":{"line":45,"column":8},"end":{"line":51,"column":9}},"13":{"start":{"line":46,"column":12},"end":{"line":46,"column":62}},"14":{"start":{"line":48,"column":12},"end":{"line":48,"column":35}},"15":{"start":{"line":49,"column":12},"end":{"line":49,"column":49}},"16":{"start":{"line":50,"column":12},"end":{"line":50,"column":43}}},"branchMap":{"1":{"line":25,"type":"binary-expr","locations":[{"start":{"line":25,"column":23},"end":{"line":25,"column":62}},{"start":{"line":26,"column":20},"end":{"line":26,"column":70}},{"start":{"line":27,"column":20},"end":{"line":27,"column":71}},{"start":{"line":28,"column":20},"end":{"line":28,"column":29}}]},"2":{"line":30,"type":"binary-expr","locations":[{"start":{"line":30,"column":23},"end":{"line":30,"column":37}},{"start":{"line":31,"column":20},"end":{"line":31,"column":61}},{"start":{"line":32,"column":20},"end":{"line":32,"column":70}},{"start":{"line":33,"column":20},"end":{"line":33,"column":26}}]},"3":{"line":37,"type":"cond-expr","locations":[{"start":{"line":38,"column":14},"end":{"line":38,"column":20}},{"start":{"line":39,"column":14},"end":{"line":39,"column":20}}]},"4":{"line":41,"type":"binary-expr","locations":[{"start":{"line":41,"column":16},"end":{"line":41,"column":44}},{"start":{"line":41,"column":48},"end":{"line":41,"column":53}}]},"5":{"line":45,"type":"if","locations":[{"start":{"line":45,"column":8},"end":{"line":45,"column":8}},{"start":{"line":45,"column":8},"end":{"line":45,"column":8}}]}},"code":["/* istanbul instrument in package npmtest_ascoltatori */","/*jslint","    bitwise: true,","    browser: true,","    maxerr: 8,","    maxlen: 96,","    node: true,","    nomen: true,","    regexp: true,","    stupid: true","*/","(function () {","    'use strict';","    var local;","","","","    // run shared js-env code - pre-init","    (function () {","        // init local","        local = {};","        // init modeJs","        local.modeJs = (function () {","            try {","                return typeof navigator.userAgent === 'string' &&","                    typeof document.querySelector('body') === 'object' &&","                    typeof XMLHttpRequest.prototype.open === 'function' &&","                    'browser';","            } catch (errorCaughtBrowser) {","                return module.exports &&","                    typeof process.versions.node === 'string' &&","                    typeof require('http').createServer === 'function' &&","                    'node';","            }","        }());","        // init global","        local.global = local.modeJs === 'browser'","            ? window","            : global;","        // init utility2_rollup","        local = local.global.utility2_rollup || local;","        // init lib","        local.local = local.npmtest_ascoltatori = local;","        // init exports","        if (local.modeJs === 'browser') {","            local.global.utility2_npmtest_ascoltatori = local;","        } else {","            module.exports = local;","            module.exports.__dirname = __dirname;","            module.exports.module = module;","        }","    }());","}());",""],"l":{"12":2,"14":2,"19":2,"21":2,"23":2,"24":2,"25":2,"30":1,"37":2,"41":2,"43":2,"45":2,"46":1,"48":1,"49":1,"50":1}},"/home/travis/build/npmtest/node-npmtest-ascoltatori/example.js":{"path":"/home/travis/build/npmtest/node-npmtest-ascoltatori/example.js","s":{"1":2,"2":2,"3":2,"4":2,"5":2,"6":2,"7":2,"8":1,"9":2,"10":2,"11":2,"12":2,"13":1,"14":2,"15":2,"16":2,"17":2,"18":2,"19":0,"20":2,"21":1,"22":1,"23":1,"24":1,"25":1,"26":0,"27":0,"28":1,"29":1,"30":2,"31":0,"32":0,"33":0,"34":1,"35":2,"36":2,"37":3,"38":3,"39":3,"40":3,"41":0,"42":3,"43":3,"44":3,"45":1,"46":3,"47":1,"48":1,"49":1,"50":1,"51":1,"52":1,"53":1,"54":1,"55":1,"56":1,"57":0,"58":1,"59":6,"60":6,"61":1,"62":2,"63":0,"64":2,"65":1,"66":1,"67":0,"68":0,"69":0,"70":0,"71":0,"72":0,"73":0,"74":0,"75":0,"76":0,"77":0,"78":0,"79":0,"80":0,"81":0,"82":0,"83":0},"b":{"1":[2,1,1,1],"2":[1,1,1,1],"3":[1,1],"4":[2,2],"5":[1,1],"6":[1,1],"7":[2,0],"8":[2,1,1,1,1,1],"9":[0,2,0],"10":[1,1],"11":[2,1,1],"12":[1,0],"13":[0,2],"14":[2,0,0,0,0,0,0],"15":[0,3],"16":[3,0],"17":[1,1],"18":[0,1],"19":[1,2,0,2],"20":[1,0],"21":[1,1],"22":[0,0],"23":[0,0],"24":[0,0],"25":[0,0],"26":[0,0],"27":[0,0],"28":[0,0]},"f":{"1":2,"2":2,"3":2,"4":2,"5":2,"6":2,"7":3,"8":3,"9":3,"10":1,"11":6,"12":0},"fnMap":{"1":{"name":"(anonymous_1)","line":26,"loc":{"start":{"line":26,"column":1},"end":{"line":26,"column":13}}},"2":{"name":"(anonymous_2)","line":33,"loc":{"start":{"line":33,"column":5},"end":{"line":33,"column":17}}},"3":{"name":"(anonymous_3)","line":37,"loc":{"start":{"line":37,"column":24},"end":{"line":37,"column":36}}},"4":{"name":"(anonymous_4)","line":69,"loc":{"start":{"line":69,"column":31},"end":{"line":69,"column":48}},"skip":true},"5":{"name":"(anonymous_5)","line":78,"loc":{"start":{"line":78,"column":26},"end":{"line":78,"column":45}},"skip":true},"6":{"name":"(anonymous_6)","line":123,"loc":{"start":{"line":123,"column":33},"end":{"line":123,"column":48}},"skip":true},"7":{"name":"(anonymous_7)","line":125,"loc":{"start":{"line":125,"column":27},"end":{"line":125,"column":39}},"skip":true},"8":{"name":"(anonymous_8)","line":133,"loc":{"start":{"line":133,"column":59},"end":{"line":133,"column":74}},"skip":true},"9":{"name":"(anonymous_9)","line":143,"loc":{"start":{"line":143,"column":45},"end":{"line":143,"column":62}},"skip":true},"10":{"name":"(anonymous_10)","line":144,"loc":{"start":{"line":144,"column":73},"end":{"line":144,"column":92}},"skip":true},"11":{"name":"(anonymous_11)","line":272,"loc":{"start":{"line":272,"column":51},"end":{"line":272,"column":77}},"skip":true},"12":{"name":"(anonymous_12)","line":315,"loc":{"start":{"line":315,"column":32},"end":{"line":315,"column":61}},"skip":true}},"statementMap":{"1":{"start":{"line":26,"column":0},"end":{"line":326,"column":5}},"2":{"start":{"line":28,"column":4},"end":{"line":28,"column":14}},"3":{"start":{"line":33,"column":4},"end":{"line":60,"column":9}},"4":{"start":{"line":35,"column":8},"end":{"line":35,"column":19}},"5":{"start":{"line":37,"column":8},"end":{"line":49,"column":13}},"6":{"start":{"line":38,"column":12},"end":{"line":48,"column":13}},"7":{"start":{"line":39,"column":16},"end":{"line":42,"column":30}},"8":{"start":{"line":44,"column":16},"end":{"line":47,"column":27}},"9":{"start":{"line":51,"column":8},"end":{"line":53,"column":21}},"10":{"start":{"line":55,"column":8},"end":{"line":57,"column":45}},"11":{"start":{"line":59,"column":8},"end":{"line":59,"column":35}},"12":{"start":{"line":61,"column":4},"end":{"line":325,"column":5}},"13":{"start":{"line":69,"column":8},"end":{"line":121,"column":10},"skip":true},"14":{"start":{"line":70,"column":12},"end":{"line":88,"column":13},"skip":true},"15":{"start":{"line":76,"column":16},"end":{"line":87,"column":19},"skip":true},"16":{"start":{"line":79,"column":20},"end":{"line":86,"column":21},"skip":true},"17":{"start":{"line":82,"column":24},"end":{"line":82,"column":43},"skip":true},"18":{"start":{"line":83,"column":24},"end":{"line":83,"column":30},"skip":true},"19":{"start":{"line":85,"column":24},"end":{"line":85,"column":49},"skip":true},"20":{"start":{"line":89,"column":12},"end":{"line":107,"column":13},"skip":true},"21":{"start":{"line":92,"column":16},"end":{"line":102,"column":17},"skip":true},"22":{"start":{"line":93,"column":20},"end":{"line":93,"column":86},"skip":true},"23":{"start":{"line":94,"column":20},"end":{"line":95,"column":45},"skip":true},"24":{"start":{"line":96,"column":20},"end":{"line":96,"column":42},"skip":true},"25":{"start":{"line":97,"column":20},"end":{"line":97,"column":48},"skip":true},"26":{"start":{"line":100,"column":20},"end":{"line":100,"column":85},"skip":true},"27":{"start":{"line":101,"column":20},"end":{"line":101,"column":96},"skip":true},"28":{"start":{"line":103,"column":16},"end":{"line":103,"column":22},"skip":true},"29":{"start":{"line":106,"column":16},"end":{"line":106,"column":22},"skip":true},"30":{"start":{"line":108,"column":12},"end":{"line":120,"column":13},"skip":true},"31":{"start":{"line":114,"column":16},"end":{"line":119,"column":17},"skip":true},"32":{"start":{"line":116,"column":20},"end":{"line":116,"column":78},"skip":true},"33":{"start":{"line":118,"column":20},"end":{"line":118,"column":47},"skip":true},"34":{"start":{"line":123,"column":8},"end":{"line":141,"column":11},"skip":true},"35":{"start":{"line":124,"column":12},"end":{"line":124,"column":54},"skip":true},"36":{"start":{"line":125,"column":12},"end":{"line":140,"column":14},"skip":true},"37":{"start":{"line":126,"column":16},"end":{"line":126,"column":28},"skip":true},"38":{"start":{"line":127,"column":16},"end":{"line":127,"column":69},"skip":true},"39":{"start":{"line":128,"column":16},"end":{"line":128,"column":75},"skip":true},"40":{"start":{"line":129,"column":16},"end":{"line":131,"column":17},"skip":true},"41":{"start":{"line":130,"column":20},"end":{"line":130,"column":27},"skip":true},"42":{"start":{"line":133,"column":16},"end":{"line":137,"column":36},"skip":true},"43":{"start":{"line":134,"column":20},"end":{"line":136,"column":55},"skip":true},"44":{"start":{"line":139,"column":16},"end":{"line":139,"column":57},"skip":true},"45":{"start":{"line":143,"column":8},"end":{"line":147,"column":11},"skip":true},"46":{"start":{"line":144,"column":12},"end":{"line":146,"column":15},"skip":true},"47":{"start":{"line":145,"column":16},"end":{"line":145,"column":70},"skip":true},"48":{"start":{"line":149,"column":8},"end":{"line":149,"column":31},"skip":true},"49":{"start":{"line":150,"column":8},"end":{"line":150,"column":14},"skip":true},"50":{"start":{"line":158,"column":8},"end":{"line":158,"column":31},"skip":true},"51":{"start":{"line":160,"column":8},"end":{"line":160,"column":33},"skip":true},"52":{"start":{"line":161,"column":8},"end":{"line":161,"column":37},"skip":true},"53":{"start":{"line":162,"column":8},"end":{"line":162,"column":35},"skip":true},"54":{"start":{"line":164,"column":8},"end":{"line":164,"column":50},"skip":true},"55":{"start":{"line":166,"column":8},"end":{"line":256,"column":2},"skip":true},"56":{"start":{"line":258,"column":8},"end":{"line":286,"column":9},"skip":true},"57":{"start":{"line":259,"column":12},"end":{"line":269,"column":14},"skip":true},"58":{"start":{"line":271,"column":12},"end":{"line":285,"column":19},"skip":true},"59":{"start":{"line":274,"column":20},"end":{"line":274,"column":35},"skip":true},"60":{"start":{"line":275,"column":20},"end":{"line":284,"column":21},"skip":true},"61":{"start":{"line":277,"column":24},"end":{"line":277,"column":64},"skip":true},"62":{"start":{"line":279,"column":24},"end":{"line":279,"column":40},"skip":true},"63":{"start":{"line":281,"column":24},"end":{"line":281,"column":40},"skip":true},"64":{"start":{"line":283,"column":24},"end":{"line":283,"column":39},"skip":true},"65":{"start":{"line":288,"column":8},"end":{"line":290,"column":9},"skip":true},"66":{"start":{"line":289,"column":12},"end":{"line":289,"column":18},"skip":true},"67":{"start":{"line":291,"column":8},"end":{"line":293,"column":54},"skip":true},"68":{"start":{"line":296,"column":8},"end":{"line":301,"column":37},"skip":true},"69":{"start":{"line":303,"column":8},"end":{"line":303,"column":82},"skip":true},"70":{"start":{"line":306,"column":8},"end":{"line":308,"column":9},"skip":true},"71":{"start":{"line":307,"column":12},"end":{"line":307,"column":82},"skip":true},"72":{"start":{"line":310,"column":8},"end":{"line":312,"column":9},"skip":true},"73":{"start":{"line":311,"column":12},"end":{"line":311,"column":18},"skip":true},"74":{"start":{"line":313,"column":8},"end":{"line":313,"column":54},"skip":true},"75":{"start":{"line":314,"column":8},"end":{"line":314,"column":69},"skip":true},"76":{"start":{"line":315,"column":8},"end":{"line":323,"column":36},"skip":true},"77":{"start":{"line":316,"column":12},"end":{"line":316,"column":61},"skip":true},"78":{"start":{"line":317,"column":12},"end":{"line":320,"column":13},"skip":true},"79":{"start":{"line":318,"column":16},"end":{"line":318,"column":75},"skip":true},"80":{"start":{"line":319,"column":16},"end":{"line":319,"column":23},"skip":true},"81":{"start":{"line":321,"column":12},"end":{"line":321,"column":38},"skip":true},"82":{"start":{"line":322,"column":12},"end":{"line":322,"column":27},"skip":true},"83":{"start":{"line":324,"column":8},"end":{"line":324,"column":14},"skip":true}},"branchMap":{"1":{"line":39,"type":"binary-expr","locations":[{"start":{"line":39,"column":23},"end":{"line":39,"column":62}},{"start":{"line":40,"column":20},"end":{"line":40,"column":70}},{"start":{"line":41,"column":20},"end":{"line":41,"column":71}},{"start":{"line":42,"column":20},"end":{"line":42,"column":29}}]},"2":{"line":44,"type":"binary-expr","locations":[{"start":{"line":44,"column":23},"end":{"line":44,"column":37}},{"start":{"line":45,"column":20},"end":{"line":45,"column":61}},{"start":{"line":46,"column":20},"end":{"line":46,"column":70}},{"start":{"line":47,"column":20},"end":{"line":47,"column":26}}]},"3":{"line":51,"type":"cond-expr","locations":[{"start":{"line":52,"column":14},"end":{"line":52,"column":20}},{"start":{"line":53,"column":14},"end":{"line":53,"column":20}}]},"4":{"line":55,"type":"binary-expr","locations":[{"start":{"line":55,"column":16},"end":{"line":55,"column":44}},{"start":{"line":55,"column":49},"end":{"line":57,"column":43}}]},"5":{"line":55,"type":"cond-expr","locations":[{"start":{"line":56,"column":14},"end":{"line":56,"column":55}},{"start":{"line":57,"column":14},"end":{"line":57,"column":43}}]},"6":{"line":61,"type":"switch","locations":[{"start":{"line":68,"column":4},"end":{"line":150,"column":14},"skip":true},{"start":{"line":156,"column":4},"end":{"line":324,"column":14},"skip":true}]},"7":{"line":70,"type":"if","locations":[{"start":{"line":70,"column":12},"end":{"line":70,"column":12},"skip":true},{"start":{"line":70,"column":12},"end":{"line":70,"column":12},"skip":true}]},"8":{"line":70,"type":"binary-expr","locations":[{"start":{"line":70,"column":16},"end":{"line":70,"column":22},"skip":true},{"start":{"line":70,"column":27},"end":{"line":70,"column":32},"skip":true},{"start":{"line":71,"column":20},"end":{"line":71,"column":39},"skip":true},{"start":{"line":72,"column":20},"end":{"line":72,"column":49},"skip":true},{"start":{"line":73,"column":20},"end":{"line":73,"column":58},"skip":true},{"start":{"line":74,"column":20},"end":{"line":74,"column":69},"skip":true}]},"9":{"line":79,"type":"switch","locations":[{"start":{"line":80,"column":20},"end":{"line":80,"column":33},"skip":true},{"start":{"line":81,"column":20},"end":{"line":83,"column":30},"skip":true},{"start":{"line":84,"column":20},"end":{"line":85,"column":49},"skip":true}]},"10":{"line":89,"type":"switch","locations":[{"start":{"line":90,"column":12},"end":{"line":103,"column":22},"skip":true},{"start":{"line":105,"column":12},"end":{"line":106,"column":22},"skip":true}]},"11":{"line":89,"type":"binary-expr","locations":[{"start":{"line":89,"column":20},"end":{"line":89,"column":25},"skip":true},{"start":{"line":89,"column":29},"end":{"line":89,"column":48},"skip":true},{"start":{"line":89,"column":52},"end":{"line":89,"column":74},"skip":true}]},"12":{"line":92,"type":"if","locations":[{"start":{"line":92,"column":16},"end":{"line":92,"column":16},"skip":true},{"start":{"line":92,"column":16},"end":{"line":92,"column":16},"skip":true}]},"13":{"line":108,"type":"if","locations":[{"start":{"line":108,"column":12},"end":{"line":108,"column":12},"skip":true},{"start":{"line":108,"column":12},"end":{"line":108,"column":12},"skip":true}]},"14":{"line":108,"type":"binary-expr","locations":[{"start":{"line":108,"column":16},"end":{"line":108,"column":61},"skip":true},{"start":{"line":108,"column":66},"end":{"line":108,"column":72},"skip":true},{"start":{"line":108,"column":77},"end":{"line":108,"column":82},"skip":true},{"start":{"line":109,"column":20},"end":{"line":109,"column":39},"skip":true},{"start":{"line":110,"column":20},"end":{"line":110,"column":49},"skip":true},{"start":{"line":111,"column":20},"end":{"line":111,"column":58},"skip":true},{"start":{"line":112,"column":20},"end":{"line":112,"column":68},"skip":true}]},"15":{"line":129,"type":"if","locations":[{"start":{"line":129,"column":16},"end":{"line":129,"column":16},"skip":true},{"start":{"line":129,"column":16},"end":{"line":129,"column":16},"skip":true}]},"16":{"line":134,"type":"cond-expr","locations":[{"start":{"line":135,"column":26},"end":{"line":135,"column":29},"skip":true},{"start":{"line":136,"column":26},"end":{"line":136,"column":54},"skip":true}]},"17":{"line":164,"type":"binary-expr","locations":[{"start":{"line":164,"column":27},"end":{"line":164,"column":43},"skip":true},{"start":{"line":164,"column":47},"end":{"line":164,"column":49},"skip":true}]},"18":{"line":258,"type":"if","locations":[{"start":{"line":258,"column":8},"end":{"line":258,"column":8},"skip":true},{"start":{"line":258,"column":8},"end":{"line":258,"column":8},"skip":true}]},"19":{"line":275,"type":"switch","locations":[{"start":{"line":276,"column":20},"end":{"line":277,"column":64},"skip":true},{"start":{"line":278,"column":20},"end":{"line":279,"column":40},"skip":true},{"start":{"line":280,"column":20},"end":{"line":281,"column":40},"skip":true},{"start":{"line":282,"column":20},"end":{"line":283,"column":39},"skip":true}]},"20":{"line":288,"type":"if","locations":[{"start":{"line":288,"column":8},"end":{"line":288,"column":8},"skip":true},{"start":{"line":288,"column":8},"end":{"line":288,"column":8},"skip":true}]},"21":{"line":288,"type":"binary-expr","locations":[{"start":{"line":288,"column":12},"end":{"line":288,"column":40},"skip":true},{"start":{"line":288,"column":44},"end":{"line":288,"column":67},"skip":true}]},"22":{"line":292,"type":"binary-expr","locations":[{"start":{"line":292,"column":12},"end":{"line":292,"column":50},"skip":true},{"start":{"line":293,"column":12},"end":{"line":293,"column":53},"skip":true}]},"23":{"line":297,"type":"binary-expr","locations":[{"start":{"line":297,"column":12},"end":{"line":297,"column":69},"skip":true},{"start":{"line":298,"column":12},"end":{"line":301,"column":36},"skip":true}]},"24":{"line":303,"type":"binary-expr","locations":[{"start":{"line":303,"column":43},"end":{"line":303,"column":75},"skip":true},{"start":{"line":303,"column":79},"end":{"line":303,"column":81},"skip":true}]},"25":{"line":306,"type":"if","locations":[{"start":{"line":306,"column":8},"end":{"line":306,"column":8},"skip":true},{"start":{"line":306,"column":8},"end":{"line":306,"column":8},"skip":true}]},"26":{"line":310,"type":"if","locations":[{"start":{"line":310,"column":8},"end":{"line":310,"column":8},"skip":true},{"start":{"line":310,"column":8},"end":{"line":310,"column":8},"skip":true}]},"27":{"line":313,"type":"binary-expr","locations":[{"start":{"line":313,"column":27},"end":{"line":313,"column":43},"skip":true},{"start":{"line":313,"column":47},"end":{"line":313,"column":53},"skip":true}]},"28":{"line":317,"type":"if","locations":[{"start":{"line":317,"column":12},"end":{"line":317,"column":12},"skip":true},{"start":{"line":317,"column":12},"end":{"line":317,"column":12},"skip":true}]}},"code":["/*","example.js","","quickstart example","","instruction","    1. save this script as example.js","    2. run the shell command:","        $ npm install npmtest-ascoltatori && PORT=8081 node example.js","    3. play with the browser-demo on http://127.0.0.1:8081","*/","","","","/* istanbul instrument in package npmtest_ascoltatori */","/*jslint","    bitwise: true,","    browser: true,","    maxerr: 8,","    maxlen: 96,","    node: true,","    nomen: true,","    regexp: true,","    stupid: true","*/","(function () {","    'use strict';","    var local;","","","","    // run shared js-env code - pre-init","    (function () {","        // init local","        local = {};","        // init modeJs","        local.modeJs = (function () {","            try {","                return typeof navigator.userAgent === 'string' &&","                    typeof document.querySelector('body') === 'object' &&","                    typeof XMLHttpRequest.prototype.open === 'function' &&","                    'browser';","            } catch (errorCaughtBrowser) {","                return module.exports &&","                    typeof process.versions.node === 'string' &&","                    typeof require('http').createServer === 'function' &&","                    'node';","            }","        }());","        // init global","        local.global = local.modeJs === 'browser'","            ? window","            : global;","        // init utility2_rollup","        local = local.global.utility2_rollup || (local.modeJs === 'browser'","            ? local.global.utility2_npmtest_ascoltatori","            : global.utility2_moduleExports);","        // export local","        local.global.local = local;","    }());","    switch (local.modeJs) {","","","","    // post-init","    // run browser js-env code - post-init","    /* istanbul ignore next */","    case 'browser':","        local.testRunBrowser = function (event) {","            if (!event || (event &&","                    event.currentTarget &&","                    event.currentTarget.className &&","                    event.currentTarget.className.includes &&","                    event.currentTarget.className.includes('onreset'))) {","                // reset output","                Array.from(","                    document.querySelectorAll('body > .resettable')","                ).forEach(function (element) {","                    switch (element.tagName) {","                    case 'INPUT':","                    case 'TEXTAREA':","                        element.value = '';","                        break;","                    default:","                        element.textContent = '';","                    }","                });","            }","            switch (event && event.currentTarget && event.currentTarget.id) {","            case 'testRunButton1':","                // show tests","                if (document.querySelector('#testReportDiv1').style.display === 'none') {","                    document.querySelector('#testReportDiv1').style.display = 'block';","                    document.querySelector('#testRunButton1').textContent =","                        'hide internal test';","                    local.modeTest = true;","                    local.testRunDefault(local);","                // hide tests","                } else {","                    document.querySelector('#testReportDiv1').style.display = 'none';","                    document.querySelector('#testRunButton1').textContent = 'run internal test';","                }","                break;","            // custom-case","            default:","                break;","            }","            if (document.querySelector('#inputTextareaEval1') && (!event || (event &&","                    event.currentTarget &&","                    event.currentTarget.className &&","                    event.currentTarget.className.includes &&","                    event.currentTarget.className.includes('oneval')))) {","                // try to eval input-code","                try {","                    /*jslint evil: true*/","                    eval(document.querySelector('#inputTextareaEval1').value);","                } catch (errorCaught) {","                    console.error(errorCaught);","                }","            }","        };","        // log stderr and stdout to #outputTextareaStdout1","        ['error', 'log'].forEach(function (key) {","            console[key + '_original'] = console[key];","            console[key] = function () {","                var element;","                console[key + '_original'].apply(console, arguments);","                element = document.querySelector('#outputTextareaStdout1');","                if (!element) {","                    return;","                }","                // append text to #outputTextareaStdout1","                element.value += Array.from(arguments).map(function (arg) {","                    return typeof arg === 'string'","                        ? arg","                        : JSON.stringify(arg, null, 4);","                }).join(' ') + '\\n';","                // scroll textarea to bottom","                element.scrollTop = element.scrollHeight;","            };","        });","        // init event-handling","        ['change', 'click', 'keyup'].forEach(function (event) {","            Array.from(document.querySelectorAll('.on' + event)).forEach(function (element) {","                element.addEventListener(event, local.testRunBrowser);","            });","        });","        // run tests","        local.testRunBrowser();","        break;","","","","    // run node js-env code - post-init","    /* istanbul ignore next */","    case 'node':","        // export local","        module.exports = local;","        // require modules","        local.fs = require('fs');","        local.http = require('http');","        local.url = require('url');","        // init assets","        local.assetsDict = local.assetsDict || {};","        /* jslint-ignore-begin */","        local.assetsDict['/assets.index.template.html'] = '\\","<!doctype html>\\n\\","<html lang=\"en\">\\n\\","<head>\\n\\","<meta charset=\"UTF-8\">\\n\\","<meta name=\"viewport\" content=\"width=device-width, initial-scale=1\">\\n\\","<title>{{env.npm_package_name}} (v{{env.npm_package_version}})</title>\\n\\","<style>\\n\\","/*csslint\\n\\","    box-sizing: false,\\n\\","    universal-selector: false\\n\\","*/\\n\\","* {\\n\\","    box-sizing: border-box;\\n\\","}\\n\\","body {\\n\\","    background: #dde;\\n\\","    font-family: Arial, Helvetica, sans-serif;\\n\\","    margin: 2rem;\\n\\","}\\n\\","body > * {\\n\\","    margin-bottom: 1rem;\\n\\","}\\n\\",".utility2FooterDiv {\\n\\","    margin-top: 20px;\\n\\","    text-align: center;\\n\\","}\\n\\","</style>\\n\\","<style>\\n\\","/*csslint\\n\\","*/\\n\\","textarea {\\n\\","    font-family: monospace;\\n\\","    height: 10rem;\\n\\","    width: 100%;\\n\\","}\\n\\","textarea[readonly] {\\n\\","    background: #ddd;\\n\\","}\\n\\","</style>\\n\\","</head>\\n\\","<body>\\n\\","<!-- utility2-comment\\n\\","<div id=\"ajaxProgressDiv1\" style=\"background: #d00; height: 2px; left: 0; margin: 0; padding: 0; position: fixed; top: 0; transition: background 0.5s, width 1.5s; width: 25%;\"></div>\\n\\","utility2-comment -->\\n\\","<h1>\\n\\","<!-- utility2-comment\\n\\","    <a\\n\\","        {{#if env.npm_package_homepage}}\\n\\","        href=\"{{env.npm_package_homepage}}\"\\n\\","        {{/if env.npm_package_homepage}}\\n\\","        target=\"_blank\"\\n\\","    >\\n\\","utility2-comment -->\\n\\","        {{env.npm_package_name}} (v{{env.npm_package_version}})\\n\\","<!-- utility2-comment\\n\\","    </a>\\n\\","utility2-comment -->\\n\\","</h1>\\n\\","<h3>{{env.npm_package_description}}</h3>\\n\\","<!-- utility2-comment\\n\\","<h4><a download href=\"assets.app.js\">download standalone app</a></h4>\\n\\","<button class=\"onclick onreset\" id=\"testRunButton1\">run internal test</button><br>\\n\\","<div id=\"testReportDiv1\" style=\"display: none;\"></div>\\n\\","utility2-comment -->\\n\\","\\n\\","\\n\\","\\n\\","<label>stderr and stdout</label>\\n\\","<textarea class=\"resettable\" id=\"outputTextareaStdout1\" readonly></textarea>\\n\\","<!-- utility2-comment\\n\\","{{#if isRollup}}\\n\\","<script src=\"assets.app.js\"></script>\\n\\","{{#unless isRollup}}\\n\\","utility2-comment -->\\n\\","<script src=\"assets.utility2.rollup.js\"></script>\\n\\","<script src=\"jsonp.utility2._stateInit?callback=window.utility2._stateInit\"></script>\\n\\","<script src=\"assets.npmtest_ascoltatori.rollup.js\"></script>\\n\\","<script src=\"assets.example.js\"></script>\\n\\","<script src=\"assets.test.js\"></script>\\n\\","<!-- utility2-comment\\n\\","{{/if isRollup}}\\n\\","utility2-comment -->\\n\\","<div class=\"utility2FooterDiv\">\\n\\","    [ this app was created with\\n\\","    <a href=\"https://github.com/kaizhu256/node-utility2\" target=\"_blank\">utility2</a>\\n\\","    ]\\n\\","</div>\\n\\","</body>\\n\\","</html>\\n\\","';","        /* jslint-ignore-end */","        if (local.templateRender) {","            local.assetsDict['/'] = local.templateRender(","                local.assetsDict['/assets.index.template.html'],","                {","                    env: local.objectSetDefault(local.env, {","                        npm_package_description: 'the greatest app in the world!',","                        npm_package_name: 'my-app',","                        npm_package_nameAlias: 'my_app',","                        npm_package_version: '0.0.1'","                    })","                }","            );","        } else {","            local.assetsDict['/'] = local.assetsDict['/assets.index.template.html']","                .replace((/\\{\\{env\\.(\\w+?)\\}\\}/g), function (match0, match1) {","                    // jslint-hack","                    String(match0);","                    switch (match1) {","                    case 'npm_package_description':","                        return 'the greatest app in the world!';","                    case 'npm_package_name':","                        return 'my-app';","                    case 'npm_package_nameAlias':","                        return 'my_app';","                    case 'npm_package_version':","                        return '0.0.1';","                    }","                });","        }","        // run the cli","        if (local.global.utility2_rollup || module !== require.main) {","            break;","        }","        local.assetsDict['/assets.example.js'] =","            local.assetsDict['/assets.example.js'] ||","            local.fs.readFileSync(__filename, 'utf8');","        // bug-workaround - long $npm_package_buildCustomOrg","        /* jslint-ignore-begin */","        local.assetsDict['/assets.npmtest_ascoltatori.rollup.js'] =","            local.assetsDict['/assets.npmtest_ascoltatori.rollup.js'] ||","            local.fs.readFileSync(","                local.npmtest_ascoltatori.__dirname + '/lib.npmtest_ascoltatori.js',","                'utf8'","            ).replace((/^#!/), '//');","        /* jslint-ignore-end */","        local.assetsDict['/favicon.ico'] = local.assetsDict['/favicon.ico'] || '';","        // if $npm_config_timeout_exit exists,","        // then exit this process after $npm_config_timeout_exit ms","        if (Number(process.env.npm_config_timeout_exit)) {","            setTimeout(process.exit, Number(process.env.npm_config_timeout_exit));","        }","        // start server","        if (local.global.utility2_serverHttp1) {","            break;","        }","        process.env.PORT = process.env.PORT || '8081';","        console.error('server starting on port ' + process.env.PORT);","        local.http.createServer(function (request, response) {","            request.urlParsed = local.url.parse(request.url);","            if (local.assetsDict[request.urlParsed.pathname] !== undefined) {","                response.end(local.assetsDict[request.urlParsed.pathname]);","                return;","            }","            response.statusCode = 404;","            response.end();","        }).listen(process.env.PORT);","        break;","    }","}());",""],"l":{"26":2,"28":2,"33":2,"35":2,"37":2,"38":2,"39":2,"44":1,"51":2,"55":2,"59":2,"61":2,"69":1,"70":2,"76":2,"79":2,"82":2,"83":2,"85":1,"89":2,"92":1,"93":1,"94":1,"96":1,"97":1,"100":1,"101":1,"103":1,"106":1,"108":2,"114":1,"116":1,"118":1,"123":1,"124":2,"125":2,"126":3,"127":3,"128":3,"129":3,"130":1,"133":3,"134":3,"139":3,"143":1,"144":3,"145":1,"149":1,"150":1,"158":1,"160":1,"161":1,"162":1,"164":1,"166":1,"258":1,"259":1,"271":1,"274":6,"275":6,"277":1,"279":2,"281":1,"283":2,"288":1,"289":1,"291":1,"296":1,"303":1,"306":1,"307":1,"310":1,"311":1,"313":1,"314":1,"315":1,"316":1,"317":1,"318":1,"319":1,"321":1,"322":1,"324":1}},"/home/travis/build/npmtest/node-npmtest-ascoltatori/node_modules/ascoltatori/index.js":{"path":"/home/travis/build/npmtest/node-npmtest-ascoltatori/node_modules/ascoltatori/index.js","s":{"1":1},"b":{},"f":{},"fnMap":{},"statementMap":{"1":{"start":{"line":2,"column":0},"end":{"line":2,"column":46}}},"branchMap":{},"code":["","module.exports = require(\"./lib/ascoltatori\");",""],"l":{"2":1}},"/home/travis/build/npmtest/node-npmtest-ascoltatori/node_modules/ascoltatori/lib/ascoltatori.js":{"path":"/home/travis/build/npmtest/node-npmtest-ascoltatori/node_modules/ascoltatori/lib/ascoltatori.js","s":{"1":1,"2":1,"3":1,"4":1,"5":1,"6":1,"7":1,"8":1,"9":1,"10":1,"11":1,"12":1,"13":1,"14":1,"15":1,"16":1,"17":1,"18":1,"19":0,"20":0,"21":0,"22":0,"23":0,"24":0,"25":0,"26":0,"27":0,"28":0,"29":0,"30":0,"31":0,"32":0,"33":0,"34":0,"35":0,"36":1,"37":1,"38":1},"b":{"1":[0,0],"2":[0,0],"3":[0,0],"4":[0,0],"5":[0,0],"6":[0,0],"7":[0,0]},"f":{"1":0,"2":0,"3":0},"fnMap":{"1":{"name":"build","line":63,"loc":{"start":{"line":63,"column":23},"end":{"line":63,"column":50}}},"2":{"name":"(anonymous_2)","line":90,"loc":{"start":{"line":90,"column":17},"end":{"line":90,"column":28}}},"3":{"name":"(anonymous_3)","line":91,"loc":{"start":{"line":91,"column":27},"end":{"line":91,"column":38}}}},"statementMap":{"1":{"start":{"line":3,"column":0},"end":{"line":3,"column":44}},"2":{"start":{"line":4,"column":0},"end":{"line":4,"column":29}},"3":{"start":{"line":11,"column":0},"end":{"line":11,"column":71}},"4":{"start":{"line":12,"column":0},"end":{"line":12,"column":63}},"5":{"start":{"line":13,"column":0},"end":{"line":13,"column":82}},"6":{"start":{"line":14,"column":0},"end":{"line":14,"column":65}},"7":{"start":{"line":15,"column":0},"end":{"line":15,"column":67}},"8":{"start":{"line":16,"column":0},"end":{"line":16,"column":63}},"9":{"start":{"line":17,"column":0},"end":{"line":17,"column":69}},"10":{"start":{"line":18,"column":0},"end":{"line":18,"column":63}},"11":{"start":{"line":19,"column":0},"end":{"line":19,"column":66}},"12":{"start":{"line":20,"column":0},"end":{"line":20,"column":65}},"13":{"start":{"line":21,"column":0},"end":{"line":21,"column":73}},"14":{"start":{"line":22,"column":0},"end":{"line":22,"column":63}},"15":{"start":{"line":23,"column":0},"end":{"line":23,"column":75}},"16":{"start":{"line":24,"column":0},"end":{"line":24,"column":65}},"17":{"start":{"line":30,"column":0},"end":{"line":41,"column":2}},"18":{"start":{"line":63,"column":0},"end":{"line":99,"column":2}},"19":{"start":{"line":64,"column":2},"end":{"line":64,"column":20}},"20":{"start":{"line":66,"column":2},"end":{"line":69,"column":3}},"21":{"start":{"line":67,"column":4},"end":{"line":67,"column":16}},"22":{"start":{"line":68,"column":4},"end":{"line":68,"column":14}},"23":{"start":{"line":71,"column":2},"end":{"line":72,"column":18}},"24":{"start":{"line":74,"column":2},"end":{"line":75,"column":67}},"25":{"start":{"line":77,"column":2},"end":{"line":77,"column":43}},"26":{"start":{"line":79,"column":2},"end":{"line":82,"column":3}},"27":{"start":{"line":80,"column":4},"end":{"line":81,"column":27}},"28":{"start":{"line":84,"column":2},"end":{"line":87,"column":3}},"29":{"start":{"line":85,"column":4},"end":{"line":86,"column":27}},"30":{"start":{"line":89,"column":2},"end":{"line":96,"column":3}},"31":{"start":{"line":90,"column":4},"end":{"line":95,"column":7}},"32":{"start":{"line":91,"column":6},"end":{"line":94,"column":9}},"33":{"start":{"line":92,"column":8},"end":{"line":92,"column":45}},"34":{"start":{"line":93,"column":8},"end":{"line":93,"column":27}},"35":{"start":{"line":98,"column":2},"end":{"line":98,"column":16}},"36":{"start":{"line":106,"column":0},"end":{"line":106,"column":41}},"37":{"start":{"line":107,"column":0},"end":{"line":107,"column":27}},"38":{"start":{"line":115,"column":0},"end":{"line":115,"column":81}}},"branchMap":{"1":{"line":64,"type":"binary-expr","locations":[{"start":{"line":64,"column":9},"end":{"line":64,"column":13}},{"start":{"line":64,"column":17},"end":{"line":64,"column":19}}]},"2":{"line":66,"type":"if","locations":[{"start":{"line":66,"column":2},"end":{"line":66,"column":2}},{"start":{"line":66,"column":2},"end":{"line":66,"column":2}}]},"3":{"line":74,"type":"cond-expr","locations":[{"start":{"line":74,"column":46},"end":{"line":74,"column":55}},{"start":{"line":75,"column":13},"end":{"line":75,"column":65}}]},"4":{"line":75,"type":"binary-expr","locations":[{"start":{"line":75,"column":13},"end":{"line":75,"column":31}},{"start":{"line":75,"column":35},"end":{"line":75,"column":65}}]},"5":{"line":79,"type":"if","locations":[{"start":{"line":79,"column":2},"end":{"line":79,"column":2}},{"start":{"line":79,"column":2},"end":{"line":79,"column":2}}]},"6":{"line":84,"type":"if","locations":[{"start":{"line":84,"column":2},"end":{"line":84,"column":2}},{"start":{"line":84,"column":2},"end":{"line":84,"column":2}}]},"7":{"line":89,"type":"if","locations":[{"start":{"line":89,"column":2},"end":{"line":89,"column":2}},{"start":{"line":89,"column":2},"end":{"line":89,"column":2}}]}},"code":["\"use strict\";","","var SubsCounter = require(\"./subs_counter\");","var util = require(\"./util\");","","/**"," * You can require any Ascolatore through this module."," *"," * @api public"," */","module.exports.AbstractAscoltatore = require('./abstract_ascoltatore');","module.exports.TrieAscoltatore = require('./trie_ascoltatore');","module.exports.EventEmitter2Ascoltatore = require('./event_emitter2_ascoltatore');","module.exports.RedisAscoltatore = require(\"./redis_ascoltatore\");","module.exports.ZeromqAscoltatore = require(\"./zeromq_ascoltatore\");","module.exports.AMQPAscoltatore = require(\"./amqp_ascoltatore\");","module.exports.AMQPLibAscoltatore = require(\"./amqplib_ascoltatore\");","module.exports.MQTTAscoltatore = require(\"./mqtt_ascoltatore\");","module.exports.PrefixAscoltatore = require(\"./prefix_acoltatore\");","module.exports.MongoAscoltatore = require('./mongo_ascoltatore');","module.exports.DecoratorAscoltatore = require(\"./decorator_ascoltatore\");","module.exports.JSONAscoltatore = require(\"./json_ascoltatore\");","module.exports.FileSystemAscoltatore = require(\"./filesystem_ascoltatore\");","module.exports.KafkaAscoltatore = require(\"./kafka_ascoltatore\");","","/**"," *"," * @api private"," */","var classes = {","  \"amqp\": module.exports.AMQPAscoltatore,","  \"amqplib\": module.exports.AMQPLibAscoltatore,","  \"trie\": module.exports.TrieAscoltatore,","  \"eventemitter2\": module.exports.EventEmitter2Ascoltatore,","  \"mqtt\": module.exports.MQTTAscoltatore,","  \"redis\": module.exports.RedisAscoltatore,","  \"zmq\": module.exports.ZeromqAscoltatore,","  \"mongo\": module.exports.MongoAscoltatore,","  \"kafka\": module.exports.KafkaAscoltatore,","  \"filesystem\": module.exports.FileSystemAscoltatore","};","","/**"," * Builds an ascolatore based on the proper type."," * It will encapsulate it in a PrefixAscolatore if a prefix key is"," * present."," * The other options are passed through the constructor of the"," * Ascoltatore"," * "," * Options:"," *  - `type`, it can be \"amqp\", \"trie\", \"eventemitter2\", \"redis\", \"zmq\", or just a class"," *    that will be instantiated (i.e. with `new`)."," *  - `prefix`, will be passed to the PrefixAscoltatore."," *  - `json`, it can be setted to false if you do not want your messages"," *    to be wrapped inside JSON."," *  - any other option that the ascolatore constructor may need."," *"," *  @api public"," *  @param {Object} opts The options"," *  @param {Function} done The callback that will be called when the"," *  ascoltatore will be ready"," */","module.exports.build = function build(opts, done) {","  opts = opts || {};","","  if (typeof opts === \"function\") {","    done = opts;","    opts = {};","  }","","  var Klass = null,","    result = null;","","  Klass = (typeof opts.type === 'function') ? opts.type :","            (classes[opts.type] || module.exports.TrieAscoltatore);","","  result = new Klass(opts, module.exports);","","  if (opts.prefix) {","    result = new module.exports.PrefixAscoltatore(opts.prefix, result)","      .once(\"error\", done);","  }","","  if (opts.json !== false) {","    result = new module.exports.JSONAscoltatore(result)","      .once(\"error\", done);","  }","","  if (done) {","    setImmediate(function() {","      result.once(\"ready\", function() {","        result.removeListener(\"error\", done);","        done(null, result);","      });","    });","  }","","  return result;","};","","/**"," * These are just utilities"," *"," * @api private"," */","module.exports.SubsCounter = SubsCounter;","module.exports.util = util;","","/**"," * You can require a shared mocha test to you if you want to develop"," * a custom Ascoltatore inside your app."," *"," * @api public"," */","module.exports.behaveLikeAnAscoltatore = require(\"./behave_like_an_ascoltatore\");",""],"l":{"3":1,"4":1,"11":1,"12":1,"13":1,"14":1,"15":1,"16":1,"17":1,"18":1,"19":1,"20":1,"21":1,"22":1,"23":1,"24":1,"30":1,"63":1,"64":0,"66":0,"67":0,"68":0,"71":0,"74":0,"77":0,"79":0,"80":0,"84":0,"85":0,"89":0,"90":0,"91":0,"92":0,"93":0,"98":0,"106":1,"107":1,"115":1}},"/home/travis/build/npmtest/node-npmtest-ascoltatori/node_modules/ascoltatori/lib/subs_counter.js":{"path":"/home/travis/build/npmtest/node-npmtest-ascoltatori/node_modules/ascoltatori/lib/subs_counter.js","s":{"1":1,"2":0,"3":1,"4":0,"5":0,"6":0,"7":1,"8":0,"9":0,"10":0,"11":0,"12":0,"13":1,"14":0,"15":0,"16":0,"17":0,"18":0,"19":0,"20":0,"21":1,"22":0,"23":1,"24":0,"25":0,"26":0,"27":0,"28":0,"29":1,"30":0,"31":0,"32":0,"33":0,"34":1,"35":6,"36":1},"b":{"1":[0,0],"2":[0,0],"3":[0,0],"4":[0,0]},"f":{"1":0,"2":0,"3":0,"4":0,"5":0,"6":0,"7":0,"8":0,"9":6},"fnMap":{"1":{"name":"SubsCounter","line":10,"loc":{"start":{"line":10,"column":0},"end":{"line":10,"column":23}}},"2":{"name":"(anonymous_2)","line":19,"loc":{"start":{"line":19,"column":30},"end":{"line":19,"column":41}}},"3":{"name":"(anonymous_3)","line":34,"loc":{"start":{"line":34,"column":28},"end":{"line":34,"column":43}}},"4":{"name":"(anonymous_4)","line":54,"loc":{"start":{"line":54,"column":31},"end":{"line":54,"column":46}}},"5":{"name":"(anonymous_5)","line":79,"loc":{"start":{"line":79,"column":32},"end":{"line":79,"column":47}}},"6":{"name":"(anonymous_6)","line":92,"loc":{"start":{"line":92,"column":32},"end":{"line":92,"column":51}}},"7":{"name":"(anonymous_7)","line":109,"loc":{"start":{"line":109,"column":29},"end":{"line":109,"column":40}}},"8":{"name":"(anonymous_8)","line":111,"loc":{"start":{"line":111,"column":15},"end":{"line":111,"column":27}}},"9":{"name":"(anonymous_9)","line":123,"loc":{"start":{"line":123,"column":49},"end":{"line":123,"column":60}}}},"statementMap":{"1":{"start":{"line":10,"column":0},"end":{"line":12,"column":1}},"2":{"start":{"line":11,"column":2},"end":{"line":11,"column":15}},"3":{"start":{"line":19,"column":0},"end":{"line":23,"column":2}},"4":{"start":{"line":20,"column":2},"end":{"line":20,"column":19}},"5":{"start":{"line":21,"column":2},"end":{"line":21,"column":17}},"6":{"start":{"line":22,"column":2},"end":{"line":22,"column":14}},"7":{"start":{"line":34,"column":0},"end":{"line":43,"column":2}},"8":{"start":{"line":35,"column":2},"end":{"line":40,"column":3}},"9":{"start":{"line":36,"column":4},"end":{"line":36,"column":22}},"10":{"start":{"line":37,"column":4},"end":{"line":37,"column":24}},"11":{"start":{"line":39,"column":4},"end":{"line":39,"column":42}},"12":{"start":{"line":42,"column":2},"end":{"line":42,"column":14}},"13":{"start":{"line":54,"column":0},"end":{"line":67,"column":2}},"14":{"start":{"line":55,"column":2},"end":{"line":57,"column":3}},"15":{"start":{"line":56,"column":4},"end":{"line":56,"column":16}},"16":{"start":{"line":59,"column":2},"end":{"line":64,"column":3}},"17":{"start":{"line":60,"column":4},"end":{"line":60,"column":22}},"18":{"start":{"line":61,"column":4},"end":{"line":61,"column":27}},"19":{"start":{"line":63,"column":4},"end":{"line":63,"column":42}},"20":{"start":{"line":66,"column":2},"end":{"line":66,"column":14}},"21":{"start":{"line":79,"column":0},"end":{"line":81,"column":2}},"22":{"start":{"line":80,"column":2},"end":{"line":80,"column":39}},"23":{"start":{"line":92,"column":0},"end":{"line":101,"column":2}},"24":{"start":{"line":93,"column":2},"end":{"line":93,"column":17}},"25":{"start":{"line":94,"column":2},"end":{"line":98,"column":3}},"26":{"start":{"line":95,"column":4},"end":{"line":97,"column":5}},"27":{"start":{"line":96,"column":6},"end":{"line":96,"column":20}},"28":{"start":{"line":100,"column":2},"end":{"line":100,"column":14}},"29":{"start":{"line":109,"column":0},"end":{"line":115,"column":2}},"30":{"start":{"line":110,"column":2},"end":{"line":110,"column":17}},"31":{"start":{"line":111,"column":2},"end":{"line":113,"column":5}},"32":{"start":{"line":112,"column":4},"end":{"line":112,"column":18}},"33":{"start":{"line":114,"column":2},"end":{"line":114,"column":15}},"34":{"start":{"line":123,"column":0},"end":{"line":125,"column":3}},"35":{"start":{"line":124,"column":2},"end":{"line":124,"column":22}},"36":{"start":{"line":127,"column":0},"end":{"line":127,"column":29}}},"branchMap":{"1":{"line":35,"type":"if","locations":[{"start":{"line":35,"column":2},"end":{"line":35,"column":2}},{"start":{"line":35,"column":2},"end":{"line":35,"column":2}}]},"2":{"line":55,"type":"if","locations":[{"start":{"line":55,"column":2},"end":{"line":55,"column":2}},{"start":{"line":55,"column":2},"end":{"line":55,"column":2}}]},"3":{"line":59,"type":"if","locations":[{"start":{"line":59,"column":2},"end":{"line":59,"column":2}},{"start":{"line":59,"column":2},"end":{"line":59,"column":2}}]},"4":{"line":95,"type":"if","locations":[{"start":{"line":95,"column":4},"end":{"line":95,"column":4}},{"start":{"line":95,"column":4},"end":{"line":95,"column":4}}]}},"code":["\"use strict\";","","/**"," * This is a counter for the subscriptions."," * It is used by all the ascoltatori to keep track to"," * for what topics there are subscribers."," *"," * @api public"," */","function SubsCounter() {","  this.clear();","}","","/**"," * Clear the SubsCounter"," *"," * @api public"," */","SubsCounter.prototype.clear = function() {","  this._length = 0;","  this._obj = {};","  return this;","};","","/**"," * Add a new element to the SubsCounter."," * The SubsCounter keep track of the number of times"," * this method was called for every passed `elem`."," *"," * @param {String} elem The element to track"," * @return {SubsCounter}"," * @api public"," */","SubsCounter.prototype.add = function(elem) {","  if (!this.include(elem)) {","    this._length += 1;","    this._obj[elem] = 1;","  } else {","    this._obj[elem] = this._obj[elem] + 1;","  }","","  return this;","};","","/**"," * Removes an element."," * The SubsCounter keep track of the total"," * times an `elem` is added or removed."," *"," * @api public"," * @param {String} elem The element to track"," * @return {SubsCounter}"," */","SubsCounter.prototype.remove = function(elem) {","  if (!this.include(elem)) {","    return this;","  }","","  if (this._obj[elem] === 1) {","    this._length -= 1;","    delete this._obj[elem];","  } else {","    this._obj[elem] = this._obj[elem] - 1;","  }","","  return this;","};","","/**"," * The SubsCounter keep track of the total"," * times an `elem` is added or removed, and it"," * offers the `include` method to verify if it is"," * greater than zero."," *"," * @param {String} elem The element to track"," * @return {boolean} true if the element has more than one subscription"," * @api public"," */","SubsCounter.prototype.include = function(elem) {","  return this._obj[elem] !== undefined;","};","","","/**"," * List all the elements for which `include` returns true."," *"," * @api public"," * @param {Function} callback the function where the elements will be"," * yield"," * @return {SubsCounter}"," */","SubsCounter.prototype.forEach = function(callback) {","  var key = null;","  for (key in this._obj) {","    if (this._obj.hasOwnProperty(key)) {","      callback(key);","    }","  }","","  return this;","};","","/**"," * List all the elements for which `include` returns true."," *"," * @api public"," * @return {Array} a list of elements"," */","SubsCounter.prototype.keys = function() {","  var array = [];","  this.forEach(function(e) {","    array.push(e);","  });","  return array;","};","","/**"," * Returns the number of elements for which `include` returns true."," *"," * @api public"," * @return {Number} "," */","SubsCounter.prototype.__defineGetter__(\"length\", function() {","  return this._length;","});","","module.exports = SubsCounter;",""],"l":{"10":1,"11":0,"19":1,"20":0,"21":0,"22":0,"34":1,"35":0,"36":0,"37":0,"39":0,"42":0,"54":1,"55":0,"56":0,"59":0,"60":0,"61":0,"63":0,"66":0,"79":1,"80":0,"92":1,"93":0,"94":0,"95":0,"96":0,"100":0,"109":1,"110":0,"111":0,"112":0,"114":0,"123":1,"124":6,"127":1}},"/home/travis/build/npmtest/node-npmtest-ascoltatori/node_modules/ascoltatori/lib/util.js":{"path":"/home/travis/build/npmtest/node-npmtest-ascoltatori/node_modules/ascoltatori/lib/util.js","s":{"1":1,"2":1,"3":1,"4":1,"5":0,"6":0,"7":1,"8":1,"9":30,"10":0,"11":30,"12":30,"13":1,"14":1,"15":1,"16":10,"17":10,"18":30,"19":30,"20":30,"21":10,"22":1,"23":1,"24":0,"25":0,"26":0,"27":1,"28":1,"29":0,"30":0,"31":1},"b":{"1":[0,30],"2":[30,0],"3":[0,0],"4":[0,0]},"f":{"1":0,"2":30,"3":10,"4":30,"5":30,"6":0,"7":0,"8":0},"fnMap":{"1":{"name":"buildIdentifier","line":11,"loc":{"start":{"line":11,"column":0},"end":{"line":11,"column":27}}},"2":{"name":"alias","line":25,"loc":{"start":{"line":25,"column":0},"end":{"line":25,"column":30}}},"3":{"name":"aliasAscoltatore","line":51,"loc":{"start":{"line":51,"column":0},"end":{"line":51,"column":31}}},"4":{"name":"(anonymous_4)","line":53,"loc":{"start":{"line":53,"column":31},"end":{"line":53,"column":45}}},"5":{"name":"(anonymous_5)","line":55,"loc":{"start":{"line":55,"column":27},"end":{"line":55,"column":39}}},"6":{"name":"wrap","line":71,"loc":{"start":{"line":71,"column":0},"end":{"line":71,"column":20}}},"7":{"name":"(anonymous_7)","line":72,"loc":{"start":{"line":72,"column":9},"end":{"line":72,"column":20}}},"8":{"name":"defer","line":80,"loc":{"start":{"line":80,"column":0},"end":{"line":80,"column":22}}}},"statementMap":{"1":{"start":{"line":3,"column":0},"end":{"line":3,"column":27}},"2":{"start":{"line":4,"column":0},"end":{"line":4,"column":27}},"3":{"start":{"line":5,"column":0},"end":{"line":5,"column":29}},"4":{"start":{"line":11,"column":0},"end":{"line":14,"column":1}},"5":{"start":{"line":12,"column":2},"end":{"line":12,"column":48}},"6":{"start":{"line":13,"column":2},"end":{"line":13,"column":16}},"7":{"start":{"line":15,"column":0},"end":{"line":15,"column":49}},"8":{"start":{"line":25,"column":0},"end":{"line":31,"column":1}},"9":{"start":{"line":26,"column":2},"end":{"line":28,"column":3}},"10":{"start":{"line":27,"column":4},"end":{"line":27,"column":54}},"11":{"start":{"line":29,"column":2},"end":{"line":29,"column":22}},"12":{"start":{"line":30,"column":2},"end":{"line":30,"column":13}},"13":{"start":{"line":32,"column":0},"end":{"line":32,"column":29}},"14":{"start":{"line":39,"column":0},"end":{"line":43,"column":2}},"15":{"start":{"line":51,"column":0},"end":{"line":61,"column":1}},"16":{"start":{"line":52,"column":2},"end":{"line":52,"column":17}},"17":{"start":{"line":53,"column":2},"end":{"line":59,"column":5}},"18":{"start":{"line":54,"column":4},"end":{"line":58,"column":5}},"19":{"start":{"line":55,"column":6},"end":{"line":57,"column":9}},"20":{"start":{"line":56,"column":8},"end":{"line":56,"column":42}},"21":{"start":{"line":60,"column":2},"end":{"line":60,"column":13}},"22":{"start":{"line":62,"column":0},"end":{"line":62,"column":51}},"23":{"start":{"line":71,"column":0},"end":{"line":77,"column":1}},"24":{"start":{"line":72,"column":2},"end":{"line":76,"column":4}},"25":{"start":{"line":73,"column":4},"end":{"line":75,"column":5}},"26":{"start":{"line":74,"column":6},"end":{"line":74,"column":13}},"27":{"start":{"line":78,"column":0},"end":{"line":78,"column":27}},"28":{"start":{"line":80,"column":0},"end":{"line":84,"column":1}},"29":{"start":{"line":81,"column":2},"end":{"line":83,"column":3}},"30":{"start":{"line":82,"column":4},"end":{"line":82,"column":23}},"31":{"start":{"line":85,"column":0},"end":{"line":85,"column":29}}},"branchMap":{"1":{"line":26,"type":"if","locations":[{"start":{"line":26,"column":2},"end":{"line":26,"column":2}},{"start":{"line":26,"column":2},"end":{"line":26,"column":2}}]},"2":{"line":54,"type":"if","locations":[{"start":{"line":54,"column":4},"end":{"line":54,"column":4}},{"start":{"line":54,"column":4},"end":{"line":54,"column":4}}]},"3":{"line":73,"type":"if","locations":[{"start":{"line":73,"column":4},"end":{"line":73,"column":4}},{"start":{"line":73,"column":4},"end":{"line":73,"column":4}}]},"4":{"line":81,"type":"if","locations":[{"start":{"line":81,"column":2},"end":{"line":81,"column":2}},{"start":{"line":81,"column":2},"end":{"line":81,"column":2}}]}},"code":["\"use strict\";","","var util = require('util');","var uuid = require(\"uuid\");","var steed = require(\"steed\");","","/**"," * A function to build an unique identifier."," * @api public"," */","function buildIdentifier() {","  var result = util.format('asc_%s', uuid.v1());","  return result;","}","module.exports.buildIdentifier = buildIdentifier;","","/**"," * Alias two methods from the same object"," *"," * @api public"," * @param {Object} obj The object"," * @param {String} from The source property name"," * @param {String} to The destination property name"," */","function alias(obj, from, to) {","  if (typeof obj[from] !== 'function') {","    throw util.format(\"'%s' is not a function\", from);","  }","  obj[to] = obj[from];","  return obj;","}","module.exports.alias = alias;","","/**"," * The list of common aliases for all ascoltatori."," *"," * @api public"," */","var aliases = {","  publish: [\"pub\"],","  subscribe: [\"sub\"],","  unsubscribe: [\"unsub\"]","};","","/**"," * Applies the `aliases` list to an ascoltatore."," *"," * @param {AbstractAscoltatore} obj The ascolatore"," * @api public"," */","function aliasAscoltatore(obj) {","  var key = null;","  Object.keys(aliases).forEach(function(key) {","    if (aliases.hasOwnProperty(key)) {","      aliases[key].forEach(function(a) {","        module.exports.alias(obj, key, a);","      });","    }","  });","  return obj;","}","module.exports.aliasAscoltatore = aliasAscoltatore;","","/**"," * Wrap a function in another function, which might"," * be null."," *"," * @api public"," * @param {Function} done the funcion to be wrapped."," */","function wrap(done) {","  return function() {","    if (typeof done === 'function') {","      done();","    }","  };","}","module.exports.wrap = wrap;","","function defer (done) {","  if (typeof done === \"function\") {","    setImmediate(done);","  }","}","module.exports.defer = defer;",""],"l":{"3":1,"4":1,"5":1,"11":1,"12":0,"13":0,"15":1,"25":1,"26":30,"27":0,"29":30,"30":30,"32":1,"39":1,"51":1,"52":10,"53":10,"54":30,"55":30,"56":30,"60":10,"62":1,"71":1,"72":0,"73":0,"74":0,"78":1,"80":1,"81":0,"82":0,"85":1}},"/home/travis/build/npmtest/node-npmtest-ascoltatori/node_modules/ascoltatori/lib/abstract_ascoltatore.js":{"path":"/home/travis/build/npmtest/node-npmtest-ascoltatori/node_modules/ascoltatori/lib/abstract_ascoltatore.js","s":{"1":1,"2":1,"3":0,"4":0,"5":0,"6":0,"7":0,"8":0,"9":0,"10":0,"11":0,"12":0,"13":0,"14":0,"15":0,"16":0,"17":0,"18":0,"19":0,"20":0,"21":0,"22":0,"23":0,"24":0,"25":0,"26":0,"27":1,"28":1,"29":0,"30":0,"31":1,"32":0,"33":1,"34":0,"35":1,"36":0,"37":0,"38":0,"39":0,"40":0,"41":0,"42":0,"43":0,"44":0,"45":0,"46":0,"47":0,"48":0,"49":0,"50":0,"51":0,"52":0,"53":1,"54":0,"55":1,"56":0,"57":1,"58":0,"59":0,"60":0,"61":0,"62":0,"63":0,"64":0,"65":1,"66":0,"67":0,"68":0,"69":1,"70":0,"71":0,"72":0,"73":1},"b":{"1":[0,0],"2":[0,0],"3":[0,0],"4":[0,0],"5":[0,0],"6":[0,0],"7":[0,0],"8":[0,0],"9":[0,0],"10":[0,0],"11":[0,0],"12":[0,0],"13":[0,0],"14":[0,0],"15":[0,0],"16":[0,0],"17":[0,0],"18":[0,0,0],"19":[0,0],"20":[0,0],"21":[0,0],"22":[0,0],"23":[0,0],"24":[0,0],"25":[0,0],"26":[0,0]},"f":{"1":0,"2":0,"3":0,"4":0,"5":0,"6":0,"7":0,"8":0,"9":0,"10":0,"11":0,"12":0,"13":0,"14":0,"15":0},"fnMap":{"1":{"name":"AbstractAscoltatore","line":19,"loc":{"start":{"line":19,"column":0},"end":{"line":19,"column":55}}},"2":{"name":"(anonymous_2)","line":51,"loc":{"start":{"line":51,"column":19},"end":{"line":51,"column":30}}},"3":{"name":"(anonymous_3)","line":55,"loc":{"start":{"line":55,"column":20},"end":{"line":55,"column":31}}},"4":{"name":"(anonymous_4)","line":59,"loc":{"start":{"line":59,"column":25},"end":{"line":59,"column":51}}},"5":{"name":"raiseIfClosed","line":70,"loc":{"start":{"line":70,"column":47},"end":{"line":70,"column":72}}},"6":{"name":"(anonymous_6)","line":96,"loc":{"start":{"line":96,"column":42},"end":{"line":96,"column":74}}},"7":{"name":"(anonymous_7)","line":115,"loc":{"start":{"line":115,"column":40},"end":{"line":115,"column":80}}},"8":{"name":"(anonymous_8)","line":119,"loc":{"start":{"line":119,"column":44},"end":{"line":119,"column":55}}},"9":{"name":"(anonymous_9)","line":130,"loc":{"start":{"line":130,"column":14},"end":{"line":130,"column":55}}},"10":{"name":"(anonymous_10)","line":135,"loc":{"start":{"line":135,"column":15},"end":{"line":135,"column":56}}},"11":{"name":"(anonymous_11)","line":162,"loc":{"start":{"line":162,"column":44},"end":{"line":162,"column":76}}},"12":{"name":"(anonymous_12)","line":174,"loc":{"start":{"line":174,"column":38},"end":{"line":174,"column":53}}},"13":{"name":"(anonymous_13)","line":178,"loc":{"start":{"line":178,"column":42},"end":{"line":178,"column":58}}},"14":{"name":"(anonymous_14)","line":194,"loc":{"start":{"line":194,"column":43},"end":{"line":194,"column":59}}},"15":{"name":"(anonymous_15)","line":201,"loc":{"start":{"line":201,"column":42},"end":{"line":201,"column":58}}}},"statementMap":{"1":{"start":{"line":3,"column":0},"end":{"line":3,"column":50}},"2":{"start":{"line":19,"column":0},"end":{"line":66,"column":1}},"3":{"start":{"line":20,"column":2},"end":{"line":20,"column":26}},"4":{"start":{"line":22,"column":2},"end":{"line":22,"column":28}},"5":{"start":{"line":23,"column":2},"end":{"line":23,"column":40}},"6":{"start":{"line":25,"column":2},"end":{"line":27,"column":52}},"7":{"start":{"line":28,"column":2},"end":{"line":28,"column":40}},"8":{"start":{"line":30,"column":2},"end":{"line":34,"column":3}},"9":{"start":{"line":32,"column":4},"end":{"line":32,"column":66}},"10":{"start":{"line":33,"column":4},"end":{"line":33,"column":76}},"11":{"start":{"line":35,"column":2},"end":{"line":38,"column":3}},"12":{"start":{"line":37,"column":4},"end":{"line":37,"column":70}},"13":{"start":{"line":39,"column":2},"end":{"line":42,"column":3}},"14":{"start":{"line":41,"column":4},"end":{"line":41,"column":72}},"15":{"start":{"line":44,"column":2},"end":{"line":44,"column":21}},"16":{"start":{"line":46,"column":2},"end":{"line":46,"column":22}},"17":{"start":{"line":47,"column":2},"end":{"line":47,"column":23}},"18":{"start":{"line":49,"column":2},"end":{"line":49,"column":18}},"19":{"start":{"line":51,"column":2},"end":{"line":53,"column":5}},"20":{"start":{"line":52,"column":4},"end":{"line":52,"column":23}},"21":{"start":{"line":55,"column":2},"end":{"line":57,"column":5}},"22":{"start":{"line":56,"column":4},"end":{"line":56,"column":24}},"23":{"start":{"line":59,"column":2},"end":{"line":63,"column":5}},"24":{"start":{"line":60,"column":4},"end":{"line":62,"column":5}},"25":{"start":{"line":61,"column":6},"end":{"line":61,"column":17}},"26":{"start":{"line":65,"column":2},"end":{"line":65,"column":26}},"27":{"start":{"line":68,"column":0},"end":{"line":68,"column":70}},"28":{"start":{"line":70,"column":0},"end":{"line":74,"column":2}},"29":{"start":{"line":71,"column":2},"end":{"line":73,"column":3}},"30":{"start":{"line":72,"column":4},"end":{"line":72,"column":50}},"31":{"start":{"line":96,"column":0},"end":{"line":98,"column":2}},"32":{"start":{"line":97,"column":2},"end":{"line":97,"column":43}},"33":{"start":{"line":115,"column":0},"end":{"line":117,"column":2}},"34":{"start":{"line":116,"column":2},"end":{"line":116,"column":43}},"35":{"start":{"line":119,"column":0},"end":{"line":152,"column":2}},"36":{"start":{"line":120,"column":2},"end":{"line":123,"column":17}},"37":{"start":{"line":125,"column":2},"end":{"line":125,"column":21}},"38":{"start":{"line":125,"column":12},"end":{"line":125,"column":19}},"39":{"start":{"line":127,"column":2},"end":{"line":133,"column":3}},"40":{"start":{"line":128,"column":4},"end":{"line":128,"column":27}},"41":{"start":{"line":130,"column":4},"end":{"line":132,"column":6}},"42":{"start":{"line":131,"column":6},"end":{"line":131,"column":48}},"43":{"start":{"line":135,"column":2},"end":{"line":145,"column":4}},"44":{"start":{"line":136,"column":4},"end":{"line":142,"column":5}},"45":{"start":{"line":138,"column":6},"end":{"line":138,"column":21}},"46":{"start":{"line":139,"column":6},"end":{"line":139,"column":19}},"47":{"start":{"line":140,"column":11},"end":{"line":142,"column":5}},"48":{"start":{"line":141,"column":6},"end":{"line":141,"column":19}},"49":{"start":{"line":144,"column":4},"end":{"line":144,"column":61}},"50":{"start":{"line":147,"column":2},"end":{"line":147,"column":28}},"51":{"start":{"line":149,"column":2},"end":{"line":151,"column":3}},"52":{"start":{"line":150,"column":4},"end":{"line":150,"column":26}},"53":{"start":{"line":162,"column":0},"end":{"line":164,"column":2}},"54":{"start":{"line":163,"column":2},"end":{"line":163,"column":43}},"55":{"start":{"line":174,"column":0},"end":{"line":176,"column":2}},"56":{"start":{"line":175
[...]
ine":245,"column":48}},"119":{"start":{"line":250,"column":2},"end":{"line":274,"column":5}},"120":{"start":{"line":251,"column":4},"end":{"line":256,"column":13}},"121":{"start":{"line":258,"column":4},"end":{"line":263,"column":6}},"122":{"start":{"line":259,"column":6},"end":{"line":259,"column":28}},"123":{"start":{"line":260,"column":6},"end":{"line":262,"column":7}},"124":{"start":{"line":261,"column":8},"end":{"line":261,"column":15}},"125":{"start":{"line":265,"column":4},"end":{"line":267,"column":6}},"126":{"start":{"line":266,"column":6},"end":{"line":266,"column":50}},"127":{"start":{"line":269,"column":4},"end":{"line":271,"column":5}},"128":{"start":{"line":270,"column":6},"end":{"line":270,"column":24}},"129":{"start":{"line":273,"column":4},"end":{"line":273,"column":70}},"130":{"start":{"line":276,"column":2},"end":{"line":278,"column":5}},"131":{"start":{"line":277,"column":4},"end":{"line":277,"column":36}},"132":{"start":{"line":280,"column":2},"end":{"line":296,"column":5}},"133":{"start":{"line":281,"column":4},"end":{"line":283,"column":23}},"134":{"start":{"line":285,"column":4},"end":{"line":290,"column":6}},"135":{"start":{"line":286,"column":6},"end":{"line":286,"column":28}},"136":{"start":{"line":287,"column":6},"end":{"line":289,"column":7}},"137":{"start":{"line":288,"column":8},"end":{"line":288,"column":15}},"138":{"start":{"line":292,"column":4},"end":{"line":294,"column":5}},"139":{"start":{"line":293,"column":6},"end":{"line":293,"column":70}},"140":{"start":{"line":295,"column":4},"end":{"line":295,"column":22}},"141":{"start":{"line":298,"column":2},"end":{"line":323,"column":5}},"142":{"start":{"line":299,"column":4},"end":{"line":300,"column":19}},"143":{"start":{"line":302,"column":4},"end":{"line":304,"column":6}},"144":{"start":{"line":303,"column":6},"end":{"line":303,"column":36}},"145":{"start":{"line":305,"column":4},"end":{"line":322,"column":7}},"146":{"start":{"line":308,"column":8},"end":{"line":308,"column":51}},"147":{"start":{"line":312,"column":8},"end":{"line":312,"column":53}},"148":{"start":{"line":316,"column":8},"end":{"line":316,"column":55}},"149":{"start":{"line":320,"column":8},"end":{"line":320,"column":45}},"150":{"start":{"line":325,"column":2},"end":{"line":328,"column":5}},"151":{"start":{"line":326,"column":4},"end":{"line":326,"column":20}},"152":{"start":{"line":327,"column":4},"end":{"line":327,"column":48}},"153":{"start":{"line":330,"column":2},"end":{"line":337,"column":5}},"154":{"start":{"line":331,"column":4},"end":{"line":336,"column":7}},"155":{"start":{"line":332,"column":6},"end":{"line":334,"column":18}},"156":{"start":{"line":333,"column":8},"end":{"line":333,"column":48}},"157":{"start":{"line":335,"column":6},"end":{"line":335,"column":13}},"158":{"start":{"line":339,"column":2},"end":{"line":346,"column":5}},"159":{"start":{"line":340,"column":4},"end":{"line":345,"column":7}},"160":{"start":{"line":341,"column":6},"end":{"line":343,"column":18}},"161":{"start":{"line":342,"column":8},"end":{"line":342,"column":41}},"162":{"start":{"line":344,"column":6},"end":{"line":344,"column":13}},"163":{"start":{"line":348,"column":2},"end":{"line":353,"column":5}},"164":{"start":{"line":349,"column":4},"end":{"line":349,"column":20}},"165":{"start":{"line":350,"column":4},"end":{"line":352,"column":7}},"166":{"start":{"line":351,"column":6},"end":{"line":351,"column":32}},"167":{"start":{"line":355,"column":2},"end":{"line":362,"column":5}},"168":{"start":{"line":356,"column":4},"end":{"line":356,"column":20}},"169":{"start":{"line":357,"column":4},"end":{"line":361,"column":13}},"170":{"start":{"line":364,"column":2},"end":{"line":393,"column":5}},"171":{"start":{"line":365,"column":4},"end":{"line":368,"column":15}},"172":{"start":{"line":370,"column":4},"end":{"line":375,"column":6}},"173":{"start":{"line":371,"column":6},"end":{"line":371,"column":24}},"174":{"start":{"line":372,"column":6},"end":{"line":374,"column":7}},"175":{"start":{"line":373,"column":8},"end":{"line":373,"column":15}},"176":{"start":{"line":377,"column":4},"end":{"line":384,"column":6}},"177":{"start":{"line":378,"column":6},"end":{"line":378,"column":25}},"178":{"start":{"line":379,"column":6},"end":{"line":383,"column":13}},"179":{"start":{"line":380,"column":8},"end":{"line":380,"column":42}},"180":{"start":{"line":381,"column":8},"end":{"line":381,"column":22}},"181":{"start":{"line":382,"column":8},"end":{"line":382,"column":12}},"182":{"start":{"line":386,"column":4},"end":{"line":392,"column":7}},"183":{"start":{"line":390,"column":8},"end":{"line":390,"column":47}},"184":{"start":{"line":395,"column":2},"end":{"line":431,"column":5}},"185":{"start":{"line":396,"column":4},"end":{"line":399,"column":15}},"186":{"start":{"line":401,"column":4},"end":{"line":406,"column":6}},"187":{"start":{"line":402,"column":6},"end":{"line":402,"column":24}},"188":{"start":{"line":403,"column":6},"end":{"line":405,"column":7}},"189":{"start":{"line":404,"column":8},"end":{"line":404,"column":15}},"190":{"start":{"line":408,"column":4},"end":{"line":415,"column":6}},"191":{"start":{"line":409,"column":6},"end":{"line":409,"column":25}},"192":{"start":{"line":410,"column":6},"end":{"line":414,"column":13}},"193":{"start":{"line":411,"column":8},"end":{"line":411,"column":39}},"194":{"start":{"line":412,"column":8},"end":{"line":412,"column":22}},"195":{"start":{"line":413,"column":8},"end":{"line":413,"column":12}},"196":{"start":{"line":417,"column":4},"end":{"line":430,"column":7}},"197":{"start":{"line":419,"column":8},"end":{"line":419,"column":23}},"198":{"start":{"line":422,"column":8},"end":{"line":422,"column":23}},"199":{"start":{"line":425,"column":8},"end":{"line":425,"column":23}},"200":{"start":{"line":428,"column":8},"end":{"line":428,"column":45}}},"branchMap":{"1":{"line":155,"type":"if","locations":[{"start":{"line":155,"column":6},"end":{"line":155,"column":6}},{"start":{"line":155,"column":6},"end":{"line":155,"column":6}}]},"2":{"line":260,"type":"if","locations":[{"start":{"line":260,"column":6},"end":{"line":260,"column":6}},{"start":{"line":260,"column":6},"end":{"line":260,"column":6}}]},"3":{"line":287,"type":"if","locations":[{"start":{"line":287,"column":6},"end":{"line":287,"column":6}},{"start":{"line":287,"column":6},"end":{"line":287,"column":6}}]},"4":{"line":372,"type":"if","locations":[{"start":{"line":372,"column":6},"end":{"line":372,"column":6}},{"start":{"line":372,"column":6},"end":{"line":372,"column":6}}]},"5":{"line":403,"type":"if","locations":[{"start":{"line":403,"column":6},"end":{"line":403,"column":6}},{"start":{"line":403,"column":6},"end":{"line":403,"column":6}}]}},"code":["\"use strict\";","","var wrap = require(\"./util\").wrap;","var steed = require(\"steed\")();","","/**"," * This is a shared mocha test for verifying that an"," * ascoltatore is behaving like one."," *"," * This requires that the test exposes an instance property"," * on `this`."," *"," * See as an example:"," * https://github.com/mcollina/ascoltatori/blob/master/test/redis_ascoltatore_spec.js"," *"," * @api public"," */","module.exports = function() {","","  var expect;","","  // you MUST depend on chai only if you plan to run","  // this test","  expect = require(\"chai\").expect;","","  it(\"should have a subscribe function\", function() {","    var that = this;","    expect(that.instance).to.respondTo(\"subscribe\");","  });","","  it(\"should have an publish function\", function() {","    var that = this;","    expect(that.instance).to.respondTo(\"publish\");","  });","","  it(\"should support a publish/subscribe pattern\", function(done) {","    var that = this;","    that.instance.subscribe(\"hello\", wrap(done), function() {","      that.instance.publish(\"hello\");","    });","  });","","  it(\"should support 'pub/sub' combination for pub/sub\", function(done) {","    var that = this;","    that.instance.sub(\"hello\", wrap(done), function() {","      that.instance.pub(\"hello\");","    });","  });","","  it(\"should not raise an exception if pub is called without a done callback\", function(done) {","    this.instance.pub(\"hello\");","    setTimeout(done, 50);","  });","","  it(\"should not raise an exception if sub is called without a done callback\", function(done) {","    var that = this;","    that.instance.sub(\"hello\", function() {});","    setTimeout(function() {","      // still, some Ascoltatore are async","      // and we must give them some time","      done();","    }, 10);","  });","","  it(\"should accept a done callback in pub\", function(done) {","    this.instance.pub(\"hello\", \"world\", done);","  });","","  it(\"should support multi-level wildcard at end of topic\", function(done) {","    var that = this;","    that.instance.sub(\"hello/*\", wrap(done), function() {","      that.instance.pub(\"hello/there/42\");","    });","  });","","  it(\"should support multi-level wildcard at the end of a topic with no separator\", function(done) {","    var that = this;","    that.instance.sub(\"hello/*\", wrap(done), function() {","      that.instance.pub(\"hello\");","    });","  });","","  it(\"should support single-level wildcard at start of topic\", function(done) {","    var that = this;","    that.instance.sub(\"+/hello\", wrap(done), function() {","      that.instance.pub(\"42/hello\");","    });","  });","","  it(\"should support single-level wildcard in middle of topic\", function(done) {","    var that = this;","    that.instance.sub(\"hello/+/end\", wrap(done), function() {","      that.instance.pub(\"hello/42/end\");","    });","  });","","  it(\"should support single-level wildcard at end of topic\", function(done) {","    var that = this;","    that.instance.sub(\"hello/+\", wrap(done), function() {","      that.instance.pub(\"hello/42\");","    });","  });","","  it(\"should support both wildcards in topic\", function(done) {","    var that = this;","    that.instance.sub(\"hello/+/there/*\", wrap(done), function() {","      that.instance.pub(\"hello/foo/there/bar/42/end\");","    });","  });","","  it(\"should not match multiple levels with single wildcard\", function(done) {","    var that = this,","        callback = null;","","    callback = function(topic) {","      expect(topic).to.equal([\"hello\", \"42\", \"there\"].join(that.separator));","      done();","    };","","    that.instance.sub(\"hello/+/there\", callback, function () {","      that.instance.pub(\"hello/42/43/there\");","      that.instance.pub(\"hello/42/there\");","    });","  });","","  it(\"should unsubscribe from wildcard topics independently\", function(done) {","    var that = this,","        callback1 = null,","        callback2 = null;","","    callback1 = function(topic) {","      expect(topic).to.equal([\"hello\", \"42\", \"there\"].join(that.separator));","      done();","    };","","    callback2 = function () { };","","    that.instance.sub(\"hello/*/there\", callback2, function () {","      that.instance.sub(\"hello/+/there\", callback1, function () {","        that.instance.unsub(\"hello/*/there\", callback2, function () {","          that.instance.pub(\"hello/42/there\");","        });","      });","    });","  });","","  it(\"should call each matching callback\", function(done) {","    var that = this,","        callback = null,","        count = 0;","","    callback = function(topic) {","      expect(topic).to.equal([\"hello\", \"42\"].join(that.separator));","      count += 1;","      if (count === 2) {","        done();","      }","    };","","    that.instance.sub(\"hello/42\", callback, function () {","      that.instance.sub(\"hello/*\", callback, function () {","        that.instance.pub(\"hello/42\");","      });","    });","  });","","  it(\"should publish the topic name\", function(done) {","    var that = this;","    that.instance.sub(\"hello/*\", function(topic) {","      expect(topic).to.equal([\"hello\", \"42\"].join(that.separator));","      done();","    }, function() {","      that.instance.pub(\"hello/42\");","    });","  });","","  it(\"should publish the passed argument\", function(done) {","    var that = this;","    that.instance.sub(\"hello/*\", function(topic, value) {","      expect(value.toString()).to.equal(\"42\");","      done();","    }, function() {","      that.instance.pub(\"hello/123\", \"42\");","    });","  });","","  it(\"should have an unsubscribe function\", function() {","    var that = this;","    expect(that.instance).to.respondTo(\"unsubscribe\");","  });","","  it(\"should have an unsub function\", function() {","    var that = this;","    expect(that.instance).to.respondTo(\"unsub\");","  });","","  it(\"should remove a listener\", function(done) {","    var that = this;","    var funcToRemove = null;","","    funcToRemove = function(topic, value) {","      throw \"that should never run\";","    };","    steed.series([","","      function(cb) {","        that.instance.sub(\"hello\", funcToRemove, cb);","      },","","      function(cb) {","        that.instance.sub(\"hello\", wrap(done), cb);","      },","","      function(cb) {","        that.instance.unsub(\"hello\", funcToRemove, cb);","      },","","      function(cb) {","        that.instance.pub(\"hello\", null, cb);","      }","    ]);","  });","","  it(\"should remove a listener for global searches\", function(done) {","    var that = this,","      funcToRemove = null;","    funcToRemove = function(topic, value) {","      throw \"that should never run\";","    };","    steed.series([","","      function(cb) {","        that.instance.sub(\"hello/42\", wrap(done), cb);","      },","","      function(cb) {","        that.instance.sub(\"hello/*\", funcToRemove, cb);","      },","","      function(cb) {","        that.instance.unsub(\"hello/*\", funcToRemove, cb);","      },","","      function(cb) {","        that.instance.pub(\"hello/42\", null, cb);","      }","    ]);","  });","","  it(\"support at least 10 listeners\", function(done) {","    var instance = this.instance,","      counter = 11,","      i = null,","      callback = null,","      subscribe = null,","      a = [];","","    callback = function() {","      counter = counter - 1;","      if (counter === 0) {","        done();","      }","    };","","    subscribe = function (done) {","      instance.subscribe(\"hello\", callback, done);","    };","","    for (i = counter; i > 0; i = i - 1) {","      a.push(subscribe);","    }","","    steed.parallel(a, instance.publish.bind(instance, \"hello\", null));","  });","","  it(\"should emit the ready event\", function(done) {","    this.instance.on(\"ready\", done);","  });","","  it(\"should support at least 12 listeners as an EventEmitter\", function(done) {","    var counter = 11,","      i = null,","      callback, a = [];","","    callback = function() {","      counter = counter - 1;","      if (counter === 0) {","        done();","      }","    };","","    for (i = counter; i > 0; i = i - 1) {","      a.push(this.instance.on.bind(this.instance, \"ready\", callback));","    }","    steed.parallel(a);","  });","","  it(\"should support removing a single listener\", function(done) {","    var that = this,","      funcToRemove;","","    funcToRemove = function(topic, value) {","      throw \"that should never run\";","    };","    steed.series([","","      function(cb) {","        that.instance.sub(\"hello\", wrap(done), cb);","      },","","      function(cb) {","        that.instance.sub(\"hello\", funcToRemove, cb);","      },","","      function(cb) {","        that.instance.unsub(\"hello\", funcToRemove, cb);","      },","","      function(cb) {","        that.instance.pub(\"hello\", null, cb);","      }","    ]);","  });","","  it(\"should have a close function\", function() {","    var that = this;","    expect(that.instance).to.respondTo(\"close\");","  });","","  it(\"should throw an error if publishing when the ascoltatore has been closed\", function(done) {","    this.instance.close(function() {","      expect(function() {","        this.instance.publish(\"hello\", \"world\");","      }).to.throw;","      done();","    });","  });","","  it(\"should throw an error if subscribing when the ascoltatore has been closed\", function(done) {","    this.instance.close(function() {","      expect(function() {","        this.instance.subscribe(\"hello\");","      }).to.throw;","      done();","    });","  });","","  it(\"should close using a callback\", function(done) {","    var that = this;","    this.instance.publish(\"hello\", \"world\", function() {","      that.instance.close(done);","    });","  });","","  it(\"should allow the close method to be called twice\", function(done) {","    var that = this;","    steed.series([","      this.instance.publish.bind(this.instance, \"hello\", \"world\"),","      this.instance.close.bind(this.instance),","      this.instance.close.bind(this.instance)","    ], done);","  });","","  it(\"should not deliver message twice for double subscription\", function(done) {","    var that = this,","      count = 2,","      sub = null,","      d = null;","","    d = function() {","      count = count - 1;","      if (count === 0) {","        done();","      }","    };","","    sub = function(cb) {","      var called = false;","      that.instance.sub(\"hello\", function() {","        expect(called).to.be.equal(false);","        called = true;","        d();","      }, cb);","    };","","    steed.series([","      sub, sub,","","      function(cb) {","        that.instance.pub(\"hello\", \"ahha\", cb);","      }","    ]);","  });","","  it(\"should not deliver message twice for multiple subscriptions using wildcards\", function(done) {","    var that = this,","      count = 3,","      sub = null,","      d = null;","","    d = function() {","      count = count - 1;","      if (count === 0) {","        done();","      }","    };","","    sub = function(topic, cb) {","      var called = false;","      that.instance.sub(topic, function() {","        expect(called).to.equal(false);","        called = true;","        d();","      }, cb);","    };","","    steed.series([","      function (cb) {","        sub(\"a/+\", cb);","      },","      function (cb) {","        sub(\"+/b\", cb);","      },","      function (cb) {","        sub(\"a/b\", cb);","      },","      function(cb) {","        that.instance.pub(\"a/b\", \"ahha\", cb);","      }","    ]);","  });","};",""],"l":{"3":1,"4":1,"18":1,"20":0,"24":0,"26":0,"27":0,"28":0,"31":0,"32":0,"33":0,"36":0,"37":0,"38":0,"39":0,"43":0,"44":0,"45":0,"46":0,"50":0,"51":0,"52":0,"55":0,"56":0,"57":0,"58":0,"61":0,"65":0,"66":0,"69":0,"70":0,"71":0,"72":0,"76":0,"77":0,"78":0,"79":0,"83":0,"84":0,"85":0,"86":0,"90":0,"91":0,"92":0,"93":0,"97":0,"98":0,"99":0,"100":0,"104":0,"105":0,"106":0,"107":0,"111":0,"112":0,"115":0,"116":0,"117":0,"120":0,"121":0,"122":0,"126":0,"127":0,"131":0,"132":0,"133":0,"136":0,"138":0,"139":0,"140":0,"141":0,"147":0,"148":0,"152":0,"153":0,"154":0,"155":0,"156":0,"160":0,"161":0,"162":0,"167":0,"168":0,"169":0,"170":0,"171":0,"173":0,"177":0,"178":0,"179":0,"180":0,"181":0,"183":0,"187":0,"188":0,"189":0,"192":0,"193":0,"194":0,"197":0,"198":0,"199":0,"201":0,"202":0,"204":0,"207":0,"211":0,"215":0,"219":0,"224":0,"225":0,"227":0,"228":0,"230":0,"233":0,"237":0,"241":0,"245":0,"250":0,"251":0,"258":0,"259":0,"260":0,"261":0,"265":0,"266":0,"269":0,"270":0,"273":0,"276":0,"277":0,"280":0,"281":0,"285":0,"286":0,"287":0,"288":0,"292":0,"293":0,"295":0,"298":0,"299":0,"302":0,"303":0,"305":0,"308":0,"312":0,"316":0,"320":0,"325":0,"326":0,"327":0,"330":0,"331":0,"332":0,"333":0,"335":0,"339":0,"340":0,"341":0,"342":0,"344":0,"348":0,"349":0,"350":0,"351":0,"355":0,"356":0,"357":0,"364":0,"365":0,"370":0,"371":0,"372":0,"373":0,"377":0,"378":0,"379":0,"380":0,"381":0,"382":0,"386":0,"390":0,"395":0,"396":0,"401":0,"402":0,"403":0,"404":0,"408":0,"409":0,"410":0,"411":0,"412":0,"413":0,"417":0,"419":0,"422":0,"425":0,"428":0}}}